ARM GAS  C:\Users\jdrd3\AppData\Local\Temp\ccFBZIOh.s 			page 1


   1              		.syntax unified
   2              		.cpu cortex-m3
   3              		.fpu softvfp
   4              		.eabi_attribute 20, 1
   5              		.eabi_attribute 21, 1
   6              		.eabi_attribute 23, 3
   7              		.eabi_attribute 24, 1
   8              		.eabi_attribute 25, 1
   9              		.eabi_attribute 26, 1
  10              		.eabi_attribute 30, 1
  11              		.eabi_attribute 34, 1
  12              		.eabi_attribute 18, 4
  13              		.thumb
  14              		.syntax unified
  15              		.file	"cymetadata.c"
  16              		.text
  17              	.Ltext0:
  18              		.cfi_sections	.debug_frame
  19              		.global	cy_metadata
  20              		.global	cy_meta_flashprotect
  21              		.global	cy_meta_wonvl
  22              		.global	cy_meta_custnvl
  23              		.global	cy_meta_configecc
  24              		.section	.cyconfigecc,"a",%progbits
  25              		.align	2
  26              		.type	cy_meta_configecc, %object
  27              		.size	cy_meta_configecc, 880
  28              	cy_meta_configecc:
  29 0000 02       		.byte	2
  30 0001 52       		.byte	82
  31 0002 00       		.byte	0
  32 0003 40       		.byte	64
  33 0004 03       		.byte	3
  34 0005 65       		.byte	101
  35 0006 00       		.byte	0
  36 0007 40       		.byte	64
  37 0008 6A       		.byte	106
  38 0009 14       		.byte	20
  39 000a 01       		.byte	1
  40 000b 40       		.byte	64
  41 000c 49       		.byte	73
  42 000d 15       		.byte	21
  43 000e 01       		.byte	1
  44 000f 40       		.byte	64
  45 0010 14       		.byte	20
  46 0011 16       		.byte	22
  47 0012 01       		.byte	1
  48 0013 40       		.byte	64
  49 0014 40       		.byte	64
  50 0015 17       		.byte	23
  51 0016 01       		.byte	1
  52 0017 40       		.byte	64
  53 0018 01       		.byte	1
  54 0019 1B       		.byte	27
  55 001a 01       		.byte	1
  56 001b 40       		.byte	64
  57 001c 02       		.byte	2
ARM GAS  C:\Users\jdrd3\AppData\Local\Temp\ccFBZIOh.s 			page 2


  58 001d 40       		.byte	64
  59 001e 01       		.byte	1
  60 001f 40       		.byte	64
  61 0020 01       		.byte	1
  62 0021 41       		.byte	65
  63 0022 01       		.byte	1
  64 0023 40       		.byte	64
  65 0024 03       		.byte	3
  66 0025 42       		.byte	66
  67 0026 01       		.byte	1
  68 0027 40       		.byte	64
  69 0028 02       		.byte	2
  70 0029 43       		.byte	67
  71 002a 01       		.byte	1
  72 002b 40       		.byte	64
  73 002c 07       		.byte	7
  74 002d 45       		.byte	69
  75 002e 01       		.byte	1
  76 002f 40       		.byte	64
  77 0030 03       		.byte	3
  78 0031 46       		.byte	70
  79 0032 01       		.byte	1
  80 0033 40       		.byte	64
  81 0034 03       		.byte	3
  82 0035 47       		.byte	71
  83 0036 01       		.byte	1
  84 0037 40       		.byte	64
  85 0038 04       		.byte	4
  86 0039 48       		.byte	72
  87 003a 01       		.byte	1
  88 003b 40       		.byte	64
  89 003c 09       		.byte	9
  90 003d 49       		.byte	73
  91 003e 01       		.byte	1
  92 003f 40       		.byte	64
  93 0040 09       		.byte	9
  94 0041 4C       		.byte	76
  95 0042 01       		.byte	1
  96 0043 40       		.byte	64
  97 0044 01       		.byte	1
  98 0045 4D       		.byte	77
  99 0046 01       		.byte	1
 100 0047 40       		.byte	64
 101 0048 02       		.byte	2
 102 0049 50       		.byte	80
 103 004a 01       		.byte	1
 104 004b 40       		.byte	64
 105 004c 02       		.byte	2
 106 004d 51       		.byte	81
 107 004e 01       		.byte	1
 108 004f 40       		.byte	64
 109 0050 11       		.byte	17
 110 0051 40       		.byte	64
 111 0052 1C       		.byte	28
 112 0053 01       		.byte	1
 113 0054 84       		.byte	-124
 114 0055 0F       		.byte	15
ARM GAS  C:\Users\jdrd3\AppData\Local\Temp\ccFBZIOh.s 			page 3


 115 0056 86       		.byte	-122
 116 0057 38       		.byte	56
 117 0058 87       		.byte	-121
 118 0059 72       		.byte	114
 119 005a 01       		.byte	1
 120 005b 08       		.byte	8
 121 005c 02       		.byte	2
 122 005d 08       		.byte	8
 123 005e 03       		.byte	3
 124 005f 34       		.byte	52
 125 0060 04       		.byte	4
 126 0061 13       		.byte	19
 127 0062 05       		.byte	5
 128 0063 18       		.byte	24
 129 0064 06       		.byte	6
 130 0065 04       		.byte	4
 131 0066 08       		.byte	8
 132 0067 20       		.byte	32
 133 0068 09       		.byte	9
 134 0069 18       		.byte	24
 135 006a 0A       		.byte	10
 136 006b C0       		.byte	-64
 137 006c 0C       		.byte	12
 138 006d 40       		.byte	64
 139 006e 0E       		.byte	14
 140 006f 20       		.byte	32
 141 0070 10       		.byte	16
 142 0071 13       		.byte	19
 143 0072 12       		.byte	18
 144 0073 0C       		.byte	12
 145 0074 14       		.byte	20
 146 0075 0A       		.byte	10
 147 0076 15       		.byte	21
 148 0077 10       		.byte	16
 149 0078 16       		.byte	22
 150 0079 14       		.byte	20
 151 007a 17       		.byte	23
 152 007b 0C       		.byte	12
 153 007c 18       		.byte	24
 154 007d 80       		.byte	-128
 155 007e 1A       		.byte	26
 156 007f 20       		.byte	32
 157 0080 22       		.byte	34
 158 0081 15       		.byte	21
 159 0082 24       		.byte	36
 160 0083 E0       		.byte	-32
 161 0084 25       		.byte	37
 162 0085 01       		.byte	1
 163 0086 28       		.byte	40
 164 0087 E0       		.byte	-32
 165 0088 2B       		.byte	43
 166 0089 02       		.byte	2
 167 008a 2C       		.byte	44
 168 008b 03       		.byte	3
 169 008c 2E       		.byte	46
 170 008d 14       		.byte	20
 171 008e 30       		.byte	48
ARM GAS  C:\Users\jdrd3\AppData\Local\Temp\ccFBZIOh.s 			page 4


 172 008f 10       		.byte	16
 173 0090 31       		.byte	49
 174 0091 01       		.byte	1
 175 0092 32       		.byte	50
 176 0093 0F       		.byte	15
 177 0094 33       		.byte	51
 178 0095 18       		.byte	24
 179 0096 34       		.byte	52
 180 0097 E0       		.byte	-32
 181 0098 35       		.byte	53
 182 0099 20       		.byte	32
 183 009a 37       		.byte	55
 184 009b 06       		.byte	6
 185 009c 3A       		.byte	58
 186 009d 08       		.byte	8
 187 009e 3E       		.byte	62
 188 009f 01       		.byte	1
 189 00a0 3F       		.byte	63
 190 00a1 41       		.byte	65
 191 00a2 40       		.byte	64
 192 00a3 31       		.byte	49
 193 00a4 41       		.byte	65
 194 00a5 02       		.byte	2
 195 00a6 46       		.byte	70
 196 00a7 BE       		.byte	-66
 197 00a8 47       		.byte	71
 198 00a9 C0       		.byte	-64
 199 00aa 48       		.byte	72
 200 00ab 2C       		.byte	44
 201 00ac 49       		.byte	73
 202 00ad FF       		.byte	-1
 203 00ae 4A       		.byte	74
 204 00af FF       		.byte	-1
 205 00b0 4B       		.byte	75
 206 00b1 FF       		.byte	-1
 207 00b2 4E       		.byte	78
 208 00b3 F0       		.byte	-16
 209 00b4 4F       		.byte	79
 210 00b5 44       		.byte	68
 211 00b6 50       		.byte	80
 212 00b7 0C       		.byte	12
 213 00b8 54       		.byte	84
 214 00b9 01       		.byte	1
 215 00ba 58       		.byte	88
 216 00bb 04       		.byte	4
 217 00bc 59       		.byte	89
 218 00bd 04       		.byte	4
 219 00be 5A       		.byte	90
 220 00bf 04       		.byte	4
 221 00c0 5B       		.byte	91
 222 00c1 04       		.byte	4
 223 00c2 5F       		.byte	95
 224 00c3 01       		.byte	1
 225 00c4 66       		.byte	102
 226 00c5 C0       		.byte	-64
 227 00c6 6A       		.byte	106
 228 00c7 40       		.byte	64
ARM GAS  C:\Users\jdrd3\AppData\Local\Temp\ccFBZIOh.s 			page 5


 229 00c8 6B       		.byte	107
 230 00c9 02       		.byte	2
 231 00ca 81       		.byte	-127
 232 00cb 80       		.byte	-128
 233 00cc 83       		.byte	-125
 234 00cd 13       		.byte	19
 235 00ce 84       		.byte	-124
 236 00cf 0C       		.byte	12
 237 00d0 86       		.byte	-122
 238 00d1 71       		.byte	113
 239 00d2 87       		.byte	-121
 240 00d3 08       		.byte	8
 241 00d4 88       		.byte	-120
 242 00d5 10       		.byte	16
 243 00d6 8A       		.byte	-118
 244 00d7 40       		.byte	64
 245 00d8 93       		.byte	-109
 246 00d9 0C       		.byte	12
 247 00da 95       		.byte	-107
 248 00db 2C       		.byte	44
 249 00dc 96       		.byte	-106
 250 00dd 03       		.byte	3
 251 00de 97       		.byte	-105
 252 00df 43       		.byte	67
 253 00e0 9E       		.byte	-98
 254 00e1 20       		.byte	32
 255 00e2 A0       		.byte	-96
 256 00e3 09       		.byte	9
 257 00e4 A2       		.byte	-94
 258 00e5 D0       		.byte	-48
 259 00e6 A4       		.byte	-92
 260 00e7 DC       		.byte	-36
 261 00e8 A5       		.byte	-91
 262 00e9 71       		.byte	113
 263 00ea A6       		.byte	-90
 264 00eb 22       		.byte	34
 265 00ec A7       		.byte	-89
 266 00ed 0E       		.byte	14
 267 00ee A8       		.byte	-88
 268 00ef 14       		.byte	20
 269 00f0 A9       		.byte	-87
 270 00f1 71       		.byte	113
 271 00f2 AB       		.byte	-85
 272 00f3 06       		.byte	6
 273 00f4 AC       		.byte	-84
 274 00f5 10       		.byte	16
 275 00f6 AE       		.byte	-82
 276 00f7 AC       		.byte	-84
 277 00f8 B2       		.byte	-78
 278 00f9 1F       		.byte	31
 279 00fa B3       		.byte	-77
 280 00fb 30       		.byte	48
 281 00fc B4       		.byte	-76
 282 00fd E0       		.byte	-32
 283 00fe B5       		.byte	-75
 284 00ff 0F       		.byte	15
 285 0100 B7       		.byte	-73
ARM GAS  C:\Users\jdrd3\AppData\Local\Temp\ccFBZIOh.s 			page 6


 286 0101 C0       		.byte	-64
 287 0102 B9       		.byte	-71
 288 0103 88       		.byte	-120
 289 0104 BA       		.byte	-70
 290 0105 20       		.byte	32
 291 0106 BB       		.byte	-69
 292 0107 20       		.byte	32
 293 0108 BF       		.byte	-65
 294 0109 04       		.byte	4
 295 010a C0       		.byte	-64
 296 010b 02       		.byte	2
 297 010c C7       		.byte	-57
 298 010d 04       		.byte	4
 299 010e C9       		.byte	-55
 300 010f FF       		.byte	-1
 301 0110 CA       		.byte	-54
 302 0111 07       		.byte	7
 303 0112 CB       		.byte	-53
 304 0113 FF       		.byte	-1
 305 0114 CC       		.byte	-52
 306 0115 40       		.byte	64
 307 0116 CD       		.byte	-51
 308 0117 20       		.byte	32
 309 0118 CE       		.byte	-50
 310 0119 F0       		.byte	-16
 311 011a CF       		.byte	-49
 312 011b 05       		.byte	5
 313 011c D0       		.byte	-48
 314 011d 08       		.byte	8
 315 011e D8       		.byte	-40
 316 011f 04       		.byte	4
 317 0120 D9       		.byte	-39
 318 0121 04       		.byte	4
 319 0122 DA       		.byte	-38
 320 0123 04       		.byte	4
 321 0124 DF       		.byte	-33
 322 0125 01       		.byte	1
 323 0126 E0       		.byte	-32
 324 0127 40       		.byte	64
 325 0128 E1       		.byte	-31
 326 0129 A8       		.byte	-88
 327 012a E2       		.byte	-30
 328 012b 40       		.byte	64
 329 012c E3       		.byte	-29
 330 012d 20       		.byte	32
 331 012e 01       		.byte	1
 332 012f 20       		.byte	32
 333 0130 02       		.byte	2
 334 0131 81       		.byte	-127
 335 0132 03       		.byte	3
 336 0133 20       		.byte	32
 337 0134 04       		.byte	4
 338 0135 04       		.byte	4
 339 0136 06       		.byte	6
 340 0137 08       		.byte	8
 341 0138 08       		.byte	8
 342 0139 06       		.byte	6
ARM GAS  C:\Users\jdrd3\AppData\Local\Temp\ccFBZIOh.s 			page 7


 343 013a 0A       		.byte	10
 344 013b 08       		.byte	8
 345 013c 0E       		.byte	14
 346 013d 10       		.byte	16
 347 013e 0F       		.byte	15
 348 013f 02       		.byte	2
 349 0140 10       		.byte	16
 350 0141 82       		.byte	-126
 351 0142 11       		.byte	17
 352 0143 14       		.byte	20
 353 0144 14       		.byte	20
 354 0145 02       		.byte	2
 355 0146 15       		.byte	21
 356 0147 20       		.byte	32
 357 0148 17       		.byte	23
 358 0149 09       		.byte	9
 359 014a 19       		.byte	25
 360 014b 20       		.byte	32
 361 014c 1A       		.byte	26
 362 014d 40       		.byte	64
 363 014e 1B       		.byte	27
 364 014f 18       		.byte	24
 365 0150 1C       		.byte	28
 366 0151 04       		.byte	4
 367 0152 1D       		.byte	29
 368 0153 04       		.byte	4
 369 0154 1E       		.byte	30
 370 0155 10       		.byte	16
 371 0156 1F       		.byte	31
 372 0157 20       		.byte	32
 373 0158 20       		.byte	32
 374 0159 01       		.byte	1
 375 015a 21       		.byte	33
 376 015b 08       		.byte	8
 377 015c 22       		.byte	34
 378 015d 14       		.byte	20
 379 015e 23       		.byte	35
 380 015f 40       		.byte	64
 381 0160 26       		.byte	38
 382 0161 80       		.byte	-128
 383 0162 27       		.byte	39
 384 0163 19       		.byte	25
 385 0164 29       		.byte	41
 386 0165 24       		.byte	36
 387 0166 2F       		.byte	47
 388 0167 28       		.byte	40
 389 0168 31       		.byte	49
 390 0169 08       		.byte	8
 391 016a 34       		.byte	52
 392 016b 04       		.byte	4
 393 016c 37       		.byte	55
 394 016d 09       		.byte	9
 395 016e 39       		.byte	57
 396 016f 14       		.byte	20
 397 0170 3A       		.byte	58
 398 0171 01       		.byte	1
 399 0172 3E       		.byte	62
ARM GAS  C:\Users\jdrd3\AppData\Local\Temp\ccFBZIOh.s 			page 8


 400 0173 09       		.byte	9
 401 0174 3F       		.byte	63
 402 0175 02       		.byte	2
 403 0176 42       		.byte	66
 404 0177 01       		.byte	1
 405 0178 43       		.byte	67
 406 0179 28       		.byte	40
 407 017a 47       		.byte	71
 408 017b 10       		.byte	16
 409 017c 4C       		.byte	76
 410 017d 80       		.byte	-128
 411 017e 4F       		.byte	79
 412 017f 02       		.byte	2
 413 0180 50       		.byte	80
 414 0181 02       		.byte	2
 415 0182 51       		.byte	81
 416 0183 10       		.byte	16
 417 0184 52       		.byte	82
 418 0185 40       		.byte	64
 419 0186 53       		.byte	83
 420 0187 01       		.byte	1
 421 0188 56       		.byte	86
 422 0189 08       		.byte	8
 423 018a 58       		.byte	88
 424 018b 01       		.byte	1
 425 018c 59       		.byte	89
 426 018d 10       		.byte	16
 427 018e 5A       		.byte	90
 428 018f 44       		.byte	68
 429 0190 64       		.byte	100
 430 0191 01       		.byte	1
 431 0192 66       		.byte	102
 432 0193 40       		.byte	64
 433 0194 82       		.byte	-126
 434 0195 01       		.byte	1
 435 0196 8B       		.byte	-117
 436 0197 40       		.byte	64
 437 0198 8C       		.byte	-116
 438 0199 02       		.byte	2
 439 019a 8D       		.byte	-115
 440 019b 10       		.byte	16
 441 019c 8F       		.byte	-113
 442 019d 09       		.byte	9
 443 019e 91       		.byte	-111
 444 019f 14       		.byte	20
 445 01a0 92       		.byte	-110
 446 01a1 04       		.byte	4
 447 01a2 94       		.byte	-108
 448 01a3 01       		.byte	1
 449 01a4 96       		.byte	-106
 450 01a5 28       		.byte	40
 451 01a6 9E       		.byte	-98
 452 01a7 41       		.byte	65
 453 01a8 A7       		.byte	-89
 454 01a9 10       		.byte	16
 455 01aa AC       		.byte	-84
 456 01ab 12       		.byte	18
ARM GAS  C:\Users\jdrd3\AppData\Local\Temp\ccFBZIOh.s 			page 9


 457 01ac C0       		.byte	-64
 458 01ad 6F       		.byte	111
 459 01ae C2       		.byte	-62
 460 01af AE       		.byte	-82
 461 01b0 C4       		.byte	-60
 462 01b1 FF       		.byte	-1
 463 01b2 CA       		.byte	-54
 464 01b3 66       		.byte	102
 465 01b4 CC       		.byte	-52
 466 01b5 C2       		.byte	-62
 467 01b6 CE       		.byte	-50
 468 01b7 C7       		.byte	-57
 469 01b8 D0       		.byte	-48
 470 01b9 2E       		.byte	46
 471 01ba D6       		.byte	-42
 472 01bb 0F       		.byte	15
 473 01bc E2       		.byte	-30
 474 01bd 20       		.byte	32
 475 01be EA       		.byte	-22
 476 01bf 01       		.byte	1
 477 01c0 00       		.byte	0
 478 01c1 04       		.byte	4
 479 01c2 03       		.byte	3
 480 01c3 01       		.byte	1
 481 01c4 0C       		.byte	12
 482 01c5 01       		.byte	1
 483 01c6 12       		.byte	18
 484 01c7 02       		.byte	2
 485 01c8 1A       		.byte	26
 486 01c9 02       		.byte	2
 487 01ca 23       		.byte	35
 488 01cb 01       		.byte	1
 489 01cc 24       		.byte	36
 490 01cd 01       		.byte	1
 491 01ce 28       		.byte	40
 492 01cf 01       		.byte	1
 493 01d0 32       		.byte	50
 494 01d1 02       		.byte	2
 495 01d2 34       		.byte	52
 496 01d3 04       		.byte	4
 497 01d4 35       		.byte	53
 498 01d5 01       		.byte	1
 499 01d6 36       		.byte	54
 500 01d7 01       		.byte	1
 501 01d8 3E       		.byte	62
 502 01d9 14       		.byte	20
 503 01da 3F       		.byte	63
 504 01db 10       		.byte	16
 505 01dc 54       		.byte	84
 506 01dd 18       		.byte	24
 507 01de 56       		.byte	86
 508 01df 04       		.byte	4
 509 01e0 58       		.byte	88
 510 01e1 04       		.byte	4
 511 01e2 59       		.byte	89
 512 01e3 04       		.byte	4
 513 01e4 5B       		.byte	91
ARM GAS  C:\Users\jdrd3\AppData\Local\Temp\ccFBZIOh.s 			page 10


 514 01e5 04       		.byte	4
 515 01e6 5F       		.byte	95
 516 01e7 01       		.byte	1
 517 01e8 00       		.byte	0
 518 01e9 24       		.byte	36
 519 01ea 02       		.byte	2
 520 01eb 01       		.byte	1
 521 01ec 06       		.byte	6
 522 01ed 40       		.byte	64
 523 01ee 07       		.byte	7
 524 01ef 01       		.byte	1
 525 01f0 08       		.byte	8
 526 01f1 14       		.byte	20
 527 01f2 09       		.byte	9
 528 01f3 80       		.byte	-128
 529 01f4 0A       		.byte	10
 530 01f5 40       		.byte	64
 531 01f6 0D       		.byte	13
 532 01f7 01       		.byte	1
 533 01f8 0F       		.byte	15
 534 01f9 04       		.byte	4
 535 01fa 10       		.byte	16
 536 01fb A0       		.byte	-96
 537 01fc 12       		.byte	18
 538 01fd 02       		.byte	2
 539 01fe 13       		.byte	19
 540 01ff 20       		.byte	32
 541 0200 17       		.byte	23
 542 0201 18       		.byte	24
 543 0202 18       		.byte	24
 544 0203 04       		.byte	4
 545 0204 1A       		.byte	26
 546 0205 50       		.byte	80
 547 0206 1B       		.byte	27
 548 0207 81       		.byte	-127
 549 0208 1D       		.byte	29
 550 0209 84       		.byte	-124
 551 020a 1E       		.byte	30
 552 020b 06       		.byte	6
 553 020c 20       		.byte	32
 554 020d 28       		.byte	40
 555 020e 21       		.byte	33
 556 020f 04       		.byte	4
 557 0210 22       		.byte	34
 558 0211 02       		.byte	2
 559 0212 23       		.byte	35
 560 0213 46       		.byte	70
 561 0214 26       		.byte	38
 562 0215 20       		.byte	32
 563 0216 28       		.byte	40
 564 0217 10       		.byte	16
 565 0218 2A       		.byte	42
 566 0219 21       		.byte	33
 567 021a 2B       		.byte	43
 568 021b 11       		.byte	17
 569 021c 2F       		.byte	47
 570 021d 80       		.byte	-128
ARM GAS  C:\Users\jdrd3\AppData\Local\Temp\ccFBZIOh.s 			page 11


 571 021e 30       		.byte	48
 572 021f 06       		.byte	6
 573 0220 31       		.byte	49
 574 0221 80       		.byte	-128
 575 0222 32       		.byte	50
 576 0223 14       		.byte	20
 577 0224 38       		.byte	56
 578 0225 24       		.byte	36
 579 0226 3A       		.byte	58
 580 0227 02       		.byte	2
 581 0228 3B       		.byte	59
 582 0229 40       		.byte	64
 583 022a 3F       		.byte	63
 584 022b 01       		.byte	1
 585 022c 40       		.byte	64
 586 022d 05       		.byte	5
 587 022e 41       		.byte	65
 588 022f 04       		.byte	4
 589 0230 48       		.byte	72
 590 0231 04       		.byte	4
 591 0232 4A       		.byte	74
 592 0233 01       		.byte	1
 593 0234 4B       		.byte	75
 594 0235 01       		.byte	1
 595 0236 51       		.byte	81
 596 0237 01       		.byte	1
 597 0238 5A       		.byte	90
 598 0239 10       		.byte	16
 599 023a 5F       		.byte	95
 600 023b 02       		.byte	2
 601 023c 64       		.byte	100
 602 023d 0A       		.byte	10
 603 023e 65       		.byte	101
 604 023f 02       		.byte	2
 605 0240 69       		.byte	105
 606 0241 14       		.byte	20
 607 0242 6B       		.byte	107
 608 0243 19       		.byte	25
 609 0244 70       		.byte	112
 610 0245 B0       		.byte	-80
 611 0246 72       		.byte	114
 612 0247 22       		.byte	34
 613 0248 73       		.byte	115
 614 0249 20       		.byte	32
 615 024a 78       		.byte	120
 616 024b 08       		.byte	8
 617 024c 7A       		.byte	122
 618 024d 20       		.byte	32
 619 024e 80       		.byte	-128
 620 024f 02       		.byte	2
 621 0250 81       		.byte	-127
 622 0251 04       		.byte	4
 623 0252 85       		.byte	-123
 624 0253 02       		.byte	2
 625 0254 C0       		.byte	-64
 626 0255 97       		.byte	-105
 627 0256 C2       		.byte	-62
ARM GAS  C:\Users\jdrd3\AppData\Local\Temp\ccFBZIOh.s 			page 12


 628 0257 5F       		.byte	95
 629 0258 C4       		.byte	-60
 630 0259 6F       		.byte	111
 631 025a CA       		.byte	-54
 632 025b 8F       		.byte	-113
 633 025c CC       		.byte	-52
 634 025d 0F       		.byte	15
 635 025e CE       		.byte	-50
 636 025f 8F       		.byte	-113
 637 0260 D0       		.byte	-48
 638 0261 0E       		.byte	14
 639 0262 D2       		.byte	-46
 640 0263 0C       		.byte	12
 641 0264 D6       		.byte	-42
 642 0265 84       		.byte	-124
 643 0266 D8       		.byte	-40
 644 0267 B0       		.byte	-80
 645 0268 EA       		.byte	-22
 646 0269 01       		.byte	1
 647 026a 33       		.byte	51
 648 026b 80       		.byte	-128
 649 026c CC       		.byte	-52
 650 026d 10       		.byte	16
 651 026e A7       		.byte	-89
 652 026f 80       		.byte	-128
 653 0270 3E       		.byte	62
 654 0271 10       		.byte	16
 655 0272 A7       		.byte	-89
 656 0273 80       		.byte	-128
 657 0274 CE       		.byte	-50
 658 0275 20       		.byte	32
 659 0276 96       		.byte	-106
 660 0277 10       		.byte	16
 661 0278 A7       		.byte	-89
 662 0279 80       		.byte	-128
 663 027a 08       		.byte	8
 664 027b 20       		.byte	32
 665 027c 0C       		.byte	12
 666 027d 01       		.byte	1
 667 027e 5B       		.byte	91
 668 027f 08       		.byte	8
 669 0280 62       		.byte	98
 670 0281 10       		.byte	16
 671 0282 C2       		.byte	-62
 672 0283 06       		.byte	6
 673 0284 D6       		.byte	-42
 674 0285 02       		.byte	2
 675 0286 D8       		.byte	-40
 676 0287 02       		.byte	2
 677 0288 98       		.byte	-104
 678 0289 21       		.byte	33
 679 028a 9E       		.byte	-98
 680 028b 10       		.byte	16
 681 028c 9F       		.byte	-97
 682 028d 08       		.byte	8
 683 028e 98       		.byte	-104
 684 028f 21       		.byte	33
ARM GAS  C:\Users\jdrd3\AppData\Local\Temp\ccFBZIOh.s 			page 13


 685 0290 9E       		.byte	-98
 686 0291 10       		.byte	16
 687 0292 9F       		.byte	-97
 688 0293 08       		.byte	8
 689 0294 87       		.byte	-121
 690 0295 80       		.byte	-128
 691 0296 96       		.byte	-106
 692 0297 10       		.byte	16
 693 0298 A7       		.byte	-89
 694 0299 80       		.byte	-128
 695 029a E6       		.byte	-26
 696 029b 10       		.byte	16
 697 029c 03       		.byte	3
 698 029d 10       		.byte	16
 699 029e 53       		.byte	83
 700 029f 10       		.byte	16
 701 02a0 83       		.byte	-125
 702 02a1 10       		.byte	16
 703 02a2 8B       		.byte	-117
 704 02a3 10       		.byte	16
 705 02a4 AA       		.byte	-86
 706 02a5 10       		.byte	16
 707 02a6 C0       		.byte	-64
 708 02a7 10       		.byte	16
 709 02a8 D4       		.byte	-44
 710 02a9 20       		.byte	32
 711 02aa E0       		.byte	-32
 712 02ab 20       		.byte	32
 713 02ac EA       		.byte	-22
 714 02ad 80       		.byte	-128
 715 02ae 13       		.byte	19
 716 02af 28       		.byte	40
 717 02b0 16       		.byte	22
 718 02b1 10       		.byte	16
 719 02b2 78       		.byte	120
 720 02b3 01       		.byte	1
 721 02b4 7C       		.byte	124
 722 02b5 20       		.byte	32
 723 02b6 98       		.byte	-104
 724 02b7 21       		.byte	33
 725 02b8 9E       		.byte	-98
 726 02b9 10       		.byte	16
 727 02ba 9F       		.byte	-97
 728 02bb 08       		.byte	8
 729 02bc C4       		.byte	-60
 730 02bd 0E       		.byte	14
 731 02be DE       		.byte	-34
 732 02bf 03       		.byte	3
 733 02c0 AB       		.byte	-85
 734 02c1 20       		.byte	32
 735 02c2 10       		.byte	16
 736 02c3 01       		.byte	1
 737 02c4 1A       		.byte	26
 738 02c5 01       		.byte	1
 739 02c6 00       		.byte	0
 740 02c7 03       		.byte	3
 741 02c8 03       		.byte	3
ARM GAS  C:\Users\jdrd3\AppData\Local\Temp\ccFBZIOh.s 			page 14


 742 02c9 C0       		.byte	-64
 743 02ca 00       		.byte	0
 744 02cb 00       		.byte	0
 745 02cc 00       		.byte	0
 746 02cd 10       		.byte	16
 747 02ce 00       		.byte	0
 748 02cf 00       		.byte	0
 749 02d0 73       		.byte	115
 750 02d1 E7       		.byte	-25
 751 02d2 0C       		.byte	12
 752 02d3 18       		.byte	24
 753 02d4 7F       		.byte	127
 754 02d5 08       		.byte	8
 755 02d6 00       		.byte	0
 756 02d7 00       		.byte	0
 757 02d8 01       		.byte	1
 758 02d9 3C       		.byte	60
 759 02da 00       		.byte	0
 760 02db C2       		.byte	-62
 761 02dc 1F       		.byte	31
 762 02dd FF       		.byte	-1
 763 02de 60       		.byte	96
 764 02df 00       		.byte	0
 765 02e0 02       		.byte	2
 766 02e1 80       		.byte	-128
 767 02e2 00       		.byte	0
 768 02e3 00       		.byte	0
 769 02e4 03       		.byte	3
 770 02e5 00       		.byte	0
 771 02e6 00       		.byte	0
 772 02e7 04       		.byte	4
 773 02e8 00       		.byte	0
 774 02e9 00       		.byte	0
 775 02ea 23       		.byte	35
 776 02eb E3       		.byte	-29
 777 02ec 08       		.byte	8
 778 02ed 44       		.byte	68
 779 02ee 00       		.byte	0
 780 02ef 00       		.byte	0
 781 02f0 04       		.byte	4
 782 02f1 C0       		.byte	-64
 783 02f2 00       		.byte	0
 784 02f3 00       		.byte	0
 785 02f4 0C       		.byte	12
 786 02f5 18       		.byte	24
 787 02f6 00       		.byte	0
 788 02f7 00       		.byte	0
 789 02f8 1C       		.byte	28
 790 02f9 1C       		.byte	28
 791 02fa 63       		.byte	99
 792 02fb E1       		.byte	-31
 793 02fc 2C       		.byte	44
 794 02fd 1F       		.byte	31
 795 02fe 10       		.byte	16
 796 02ff 00       		.byte	0
 797 0300 0F       		.byte	15
 798 0301 38       		.byte	56
ARM GAS  C:\Users\jdrd3\AppData\Local\Temp\ccFBZIOh.s 			page 15


 799 0302 40       		.byte	64
 800 0303 C0       		.byte	-64
 801 0304 80       		.byte	-128
 802 0305 00       		.byte	0
 803 0306 22       		.byte	34
 804 0307 0A       		.byte	10
 805 0308 00       		.byte	0
 806 0309 00       		.byte	0
 807 030a 04       		.byte	4
 808 030b 00       		.byte	0
 809 030c 25       		.byte	37
 810 030d 03       		.byte	3
 811 030e 06       		.byte	6
 812 030f 00       		.byte	0
 813 0310 01       		.byte	1
 814 0311 E0       		.byte	-32
 815 0312 00       		.byte	0
 816 0313 C0       		.byte	-64
 817 0314 22       		.byte	34
 818 0315 FF       		.byte	-1
 819 0316 FF       		.byte	-1
 820 0317 FF       		.byte	-1
 821 0318 62       		.byte	98
 822 0319 A0       		.byte	-96
 823 031a F0       		.byte	-16
 824 031b 41       		.byte	65
 825 031c 0C       		.byte	12
 826 031d 00       		.byte	0
 827 031e 00       		.byte	0
 828 031f 00       		.byte	0
 829 0320 00       		.byte	0
 830 0321 00       		.byte	0
 831 0322 02       		.byte	2
 832 0323 11       		.byte	17
 833 0324 04       		.byte	4
 834 0325 04       		.byte	4
 835 0326 04       		.byte	4
 836 0327 04       		.byte	4
 837 0328 00       		.byte	0
 838 0329 00       		.byte	0
 839 032a 00       		.byte	0
 840 032b 01       		.byte	1
 841 032c 00       		.byte	0
 842 032d 00       		.byte	0
 843 032e 00       		.byte	0
 844 032f 00       		.byte	0
 845 0330 00       		.byte	0
 846 0331 00       		.byte	0
 847 0332 40       		.byte	64
 848 0333 02       		.byte	2
 849 0334 00       		.byte	0
 850 0335 10       		.byte	16
 851 0336 30       		.byte	48
 852 0337 10       		.byte	16
 853 0338 00       		.byte	0
 854 0339 10       		.byte	16
 855 033a 10       		.byte	16
ARM GAS  C:\Users\jdrd3\AppData\Local\Temp\ccFBZIOh.s 			page 16


 856 033b 12       		.byte	18
 857 033c 00       		.byte	0
 858 033d 00       		.byte	0
 859 033e 00       		.byte	0
 860 033f 00       		.byte	0
 861 0340 00       		.byte	0
 862 0341 00       		.byte	0
 863 0342 00       		.byte	0
 864 0343 00       		.byte	0
 865 0344 00       		.byte	0
 866 0345 00       		.byte	0
 867 0346 00       		.byte	0
 868 0347 00       		.byte	0
 869 0348 00       		.byte	0
 870 0349 00       		.byte	0
 871 034a 00       		.byte	0
 872 034b 00       		.byte	0
 873 034c 00       		.byte	0
 874 034d 7F       		.byte	127
 875 034e 7F       		.byte	127
 876 034f 00       		.byte	0
 877 0350 00       		.byte	0
 878 0351 00       		.byte	0
 879 0352 00       		.byte	0
 880 0353 00       		.byte	0
 881 0354 00       		.byte	0
 882 0355 0B       		.byte	11
 883 0356 0B       		.byte	11
 884 0357 00       		.byte	0
 885 0358 00       		.byte	0
 886 0359 00       		.byte	0
 887 035a 00       		.byte	0
 888 035b 00       		.byte	0
 889 035c 00       		.byte	0
 890 035d 00       		.byte	0
 891 035e 60       		.byte	96
 892 035f 00       		.byte	0
 893 0360 60       		.byte	96
 894 0361 00       		.byte	0
 895 0362 00       		.byte	0
 896 0363 00       		.byte	0
 897 0364 02       		.byte	2
 898 0365 00       		.byte	0
 899 0366 01       		.byte	1
 900 0367 02       		.byte	2
 901 0368 02       		.byte	2
 902 0369 00       		.byte	0
 903 036a 02       		.byte	2
 904 036b 00       		.byte	0
 905 036c 00       		.byte	0
 906 036d 00       		.byte	0
 907 036e 00       		.byte	0
 908 036f 00       		.byte	0
 909              		.section	.cywolatch,"a",%progbits
 910              		.align	2
 911              		.type	cy_meta_wonvl, %object
 912              		.size	cy_meta_wonvl, 4
ARM GAS  C:\Users\jdrd3\AppData\Local\Temp\ccFBZIOh.s 			page 17


 913              	cy_meta_wonvl:
 914 0000 BC       		.byte	-68
 915 0001 90       		.byte	-112
 916 0002 AC       		.byte	-84
 917 0003 AF       		.byte	-81
 918              		.section	.cycustnvl,"a",%progbits
 919              		.align	2
 920              		.type	cy_meta_custnvl, %object
 921              		.size	cy_meta_custnvl, 4
 922              	cy_meta_custnvl:
 923 0000 00       		.byte	0
 924 0001 00       		.byte	0
 925 0002 40       		.byte	64
 926 0003 05       		.byte	5
 927              		.section	.cymeta,"a",%progbits
 928              		.align	2
 929              		.type	cy_metadata, %object
 930              		.size	cy_metadata, 12
 931              	cy_metadata:
 932 0000 00       		.byte	0
 933 0001 01       		.byte	1
 934 0002 2E       		.byte	46
 935 0003 16       		.byte	22
 936 0004 10       		.byte	16
 937 0005 69       		.byte	105
 938 0006 00       		.byte	0
 939 0007 01       		.byte	1
 940 0008 00       		.byte	0
 941 0009 00       		.byte	0
 942 000a 00       		.byte	0
 943 000b 00       		.byte	0
 944              		.section	.cyflashprotect,"a",%progbits
 945              		.align	2
 946              		.type	cy_meta_flashprotect, %object
 947              		.size	cy_meta_flashprotect, 256
 948              	cy_meta_flashprotect:
 949 0000 00000000 		.space	256
 949      00000000 
 949      00000000 
 949      00000000 
 949      00000000 
 950              		.text
 951              	.Letext0:
 952              		.file 1 "c:\\program files (x86)\\cypress\\psoc creator\\4.2\\psoc creator\\import\\gnu\\arm\\5.4.
 953              		.file 2 "c:\\program files (x86)\\cypress\\psoc creator\\4.2\\psoc creator\\import\\gnu\\arm\\5.4.
 954              		.file 3 "Generated_Source\\PSoC5\\cymetadata.c"
 955              		.section	.debug_info,"",%progbits
 956              	.Ldebug_info0:
 957 0000 31010000 		.4byte	0x131
 958 0004 0400     		.2byte	0x4
 959 0006 00000000 		.4byte	.Ldebug_abbrev0
 960 000a 04       		.byte	0x4
 961 000b 01       		.uleb128 0x1
 962 000c 24000000 		.4byte	.LASF17
 963 0010 0C       		.byte	0xc
 964 0011 D2010000 		.4byte	.LASF18
 965 0015 69010000 		.4byte	.LASF19
ARM GAS  C:\Users\jdrd3\AppData\Local\Temp\ccFBZIOh.s 			page 18


 966 0019 00000000 		.4byte	.Ldebug_line0
 967 001d 02       		.uleb128 0x2
 968 001e 01       		.byte	0x1
 969 001f 06       		.byte	0x6
 970 0020 C6010000 		.4byte	.LASF0
 971 0024 03       		.uleb128 0x3
 972 0025 00000000 		.4byte	.LASF9
 973 0029 01       		.byte	0x1
 974 002a 1D       		.byte	0x1d
 975 002b 2F000000 		.4byte	0x2f
 976 002f 02       		.uleb128 0x2
 977 0030 01       		.byte	0x1
 978 0031 08       		.byte	0x8
 979 0032 16000000 		.4byte	.LASF1
 980 0036 02       		.uleb128 0x2
 981 0037 02       		.byte	0x2
 982 0038 05       		.byte	0x5
 983 0039 5F010000 		.4byte	.LASF2
 984 003d 02       		.uleb128 0x2
 985 003e 02       		.byte	0x2
 986 003f 07       		.byte	0x7
 987 0040 C4000000 		.4byte	.LASF3
 988 0044 02       		.uleb128 0x2
 989 0045 04       		.byte	0x4
 990 0046 05       		.byte	0x5
 991 0047 BD010000 		.4byte	.LASF4
 992 004b 02       		.uleb128 0x2
 993 004c 04       		.byte	0x4
 994 004d 07       		.byte	0x7
 995 004e B2000000 		.4byte	.LASF5
 996 0052 02       		.uleb128 0x2
 997 0053 08       		.byte	0x8
 998 0054 05       		.byte	0x5
 999 0055 51010000 		.4byte	.LASF6
 1000 0059 02       		.uleb128 0x2
 1001 005a 08       		.byte	0x8
 1002 005b 07       		.byte	0x7
 1003 005c 06010000 		.4byte	.LASF7
 1004 0060 04       		.uleb128 0x4
 1005 0061 04       		.byte	0x4
 1006 0062 05       		.byte	0x5
 1007 0063 696E7400 		.ascii	"int\000"
 1008 0067 02       		.uleb128 0x2
 1009 0068 04       		.byte	0x4
 1010 0069 07       		.byte	0x7
 1011 006a F9000000 		.4byte	.LASF8
 1012 006e 03       		.uleb128 0x3
 1013 006f 1D010000 		.4byte	.LASF10
 1014 0073 02       		.byte	0x2
 1015 0074 18       		.byte	0x18
 1016 0075 24000000 		.4byte	0x24
 1017 0079 05       		.uleb128 0x5
 1018 007a 91000000 		.4byte	0x91
 1019 007e 8A000000 		.4byte	0x8a
 1020 0082 06       		.uleb128 0x6
 1021 0083 8A000000 		.4byte	0x8a
 1022 0087 6F03     		.2byte	0x36f
ARM GAS  C:\Users\jdrd3\AppData\Local\Temp\ccFBZIOh.s 			page 19


 1023 0089 00       		.byte	0
 1024 008a 02       		.uleb128 0x2
 1025 008b 04       		.byte	0x4
 1026 008c 07       		.byte	0x7
 1027 008d 48010000 		.4byte	.LASF11
 1028 0091 07       		.uleb128 0x7
 1029 0092 6E000000 		.4byte	0x6e
 1030 0096 08       		.uleb128 0x8
 1031 0097 E7000000 		.4byte	.LASF12
 1032 009b 03       		.byte	0x3
 1033 009c 1F       		.byte	0x1f
 1034 009d A7000000 		.4byte	0xa7
 1035 00a1 05       		.uleb128 0x5
 1036 00a2 03       		.byte	0x3
 1037 00a3 00000000 		.4byte	cy_meta_configecc
 1038 00a7 07       		.uleb128 0x7
 1039 00a8 79000000 		.4byte	0x79
 1040 00ac 05       		.uleb128 0x5
 1041 00ad 91000000 		.4byte	0x91
 1042 00b1 BC000000 		.4byte	0xbc
 1043 00b5 09       		.uleb128 0x9
 1044 00b6 8A000000 		.4byte	0x8a
 1045 00ba 03       		.byte	0x3
 1046 00bb 00       		.byte	0
 1047 00bc 08       		.uleb128 0x8
 1048 00bd D7000000 		.4byte	.LASF13
 1049 00c1 03       		.byte	0x3
 1050 00c2 9A       		.byte	0x9a
 1051 00c3 CD000000 		.4byte	0xcd
 1052 00c7 05       		.uleb128 0x5
 1053 00c8 03       		.byte	0x3
 1054 00c9 00000000 		.4byte	cy_meta_custnvl
 1055 00cd 07       		.uleb128 0x7
 1056 00ce AC000000 		.4byte	0xac
 1057 00d2 08       		.uleb128 0x8
 1058 00d3 3A010000 		.4byte	.LASF14
 1059 00d7 03       		.byte	0x3
 1060 00d8 A8       		.byte	0xa8
 1061 00d9 E3000000 		.4byte	0xe3
 1062 00dd 05       		.uleb128 0x5
 1063 00de 03       		.byte	0x3
 1064 00df 00000000 		.4byte	cy_meta_wonvl
 1065 00e3 07       		.uleb128 0x7
 1066 00e4 AC000000 		.4byte	0xac
 1067 00e8 05       		.uleb128 0x5
 1068 00e9 91000000 		.4byte	0x91
 1069 00ed F8000000 		.4byte	0xf8
 1070 00f1 09       		.uleb128 0x9
 1071 00f2 8A000000 		.4byte	0x8a
 1072 00f6 FF       		.byte	0xff
 1073 00f7 00       		.byte	0
 1074 00f8 08       		.uleb128 0x8
 1075 00f9 25010000 		.4byte	.LASF15
 1076 00fd 03       		.byte	0x3
 1077 00fe B6       		.byte	0xb6
 1078 00ff 09010000 		.4byte	0x109
 1079 0103 05       		.uleb128 0x5
ARM GAS  C:\Users\jdrd3\AppData\Local\Temp\ccFBZIOh.s 			page 20


 1080 0104 03       		.byte	0x3
 1081 0105 00000000 		.4byte	cy_meta_flashprotect
 1082 0109 07       		.uleb128 0x7
 1083 010a E8000000 		.4byte	0xe8
 1084 010e 05       		.uleb128 0x5
 1085 010f 91000000 		.4byte	0x91
 1086 0113 1E010000 		.4byte	0x11e
 1087 0117 09       		.uleb128 0x9
 1088 0118 8A000000 		.4byte	0x8a
 1089 011c 0B       		.byte	0xb
 1090 011d 00       		.byte	0
 1091 011e 08       		.uleb128 0x8
 1092 011f 0A000000 		.4byte	.LASF16
 1093 0123 03       		.byte	0x3
 1094 0124 E3       		.byte	0xe3
 1095 0125 2F010000 		.4byte	0x12f
 1096 0129 05       		.uleb128 0x5
 1097 012a 03       		.byte	0x3
 1098 012b 00000000 		.4byte	cy_metadata
 1099 012f 07       		.uleb128 0x7
 1100 0130 0E010000 		.4byte	0x10e
 1101 0134 00       		.byte	0
 1102              		.section	.debug_abbrev,"",%progbits
 1103              	.Ldebug_abbrev0:
 1104 0000 01       		.uleb128 0x1
 1105 0001 11       		.uleb128 0x11
 1106 0002 01       		.byte	0x1
 1107 0003 25       		.uleb128 0x25
 1108 0004 0E       		.uleb128 0xe
 1109 0005 13       		.uleb128 0x13
 1110 0006 0B       		.uleb128 0xb
 1111 0007 03       		.uleb128 0x3
 1112 0008 0E       		.uleb128 0xe
 1113 0009 1B       		.uleb128 0x1b
 1114 000a 0E       		.uleb128 0xe
 1115 000b 10       		.uleb128 0x10
 1116 000c 17       		.uleb128 0x17
 1117 000d 00       		.byte	0
 1118 000e 00       		.byte	0
 1119 000f 02       		.uleb128 0x2
 1120 0010 24       		.uleb128 0x24
 1121 0011 00       		.byte	0
 1122 0012 0B       		.uleb128 0xb
 1123 0013 0B       		.uleb128 0xb
 1124 0014 3E       		.uleb128 0x3e
 1125 0015 0B       		.uleb128 0xb
 1126 0016 03       		.uleb128 0x3
 1127 0017 0E       		.uleb128 0xe
 1128 0018 00       		.byte	0
 1129 0019 00       		.byte	0
 1130 001a 03       		.uleb128 0x3
 1131 001b 16       		.uleb128 0x16
 1132 001c 00       		.byte	0
 1133 001d 03       		.uleb128 0x3
 1134 001e 0E       		.uleb128 0xe
 1135 001f 3A       		.uleb128 0x3a
 1136 0020 0B       		.uleb128 0xb
ARM GAS  C:\Users\jdrd3\AppData\Local\Temp\ccFBZIOh.s 			page 21


 1137 0021 3B       		.uleb128 0x3b
 1138 0022 0B       		.uleb128 0xb
 1139 0023 49       		.uleb128 0x49
 1140 0024 13       		.uleb128 0x13
 1141 0025 00       		.byte	0
 1142 0026 00       		.byte	0
 1143 0027 04       		.uleb128 0x4
 1144 0028 24       		.uleb128 0x24
 1145 0029 00       		.byte	0
 1146 002a 0B       		.uleb128 0xb
 1147 002b 0B       		.uleb128 0xb
 1148 002c 3E       		.uleb128 0x3e
 1149 002d 0B       		.uleb128 0xb
 1150 002e 03       		.uleb128 0x3
 1151 002f 08       		.uleb128 0x8
 1152 0030 00       		.byte	0
 1153 0031 00       		.byte	0
 1154 0032 05       		.uleb128 0x5
 1155 0033 01       		.uleb128 0x1
 1156 0034 01       		.byte	0x1
 1157 0035 49       		.uleb128 0x49
 1158 0036 13       		.uleb128 0x13
 1159 0037 01       		.uleb128 0x1
 1160 0038 13       		.uleb128 0x13
 1161 0039 00       		.byte	0
 1162 003a 00       		.byte	0
 1163 003b 06       		.uleb128 0x6
 1164 003c 21       		.uleb128 0x21
 1165 003d 00       		.byte	0
 1166 003e 49       		.uleb128 0x49
 1167 003f 13       		.uleb128 0x13
 1168 0040 2F       		.uleb128 0x2f
 1169 0041 05       		.uleb128 0x5
 1170 0042 00       		.byte	0
 1171 0043 00       		.byte	0
 1172 0044 07       		.uleb128 0x7
 1173 0045 26       		.uleb128 0x26
 1174 0046 00       		.byte	0
 1175 0047 49       		.uleb128 0x49
 1176 0048 13       		.uleb128 0x13
 1177 0049 00       		.byte	0
 1178 004a 00       		.byte	0
 1179 004b 08       		.uleb128 0x8
 1180 004c 34       		.uleb128 0x34
 1181 004d 00       		.byte	0
 1182 004e 03       		.uleb128 0x3
 1183 004f 0E       		.uleb128 0xe
 1184 0050 3A       		.uleb128 0x3a
 1185 0051 0B       		.uleb128 0xb
 1186 0052 3B       		.uleb128 0x3b
 1187 0053 0B       		.uleb128 0xb
 1188 0054 49       		.uleb128 0x49
 1189 0055 13       		.uleb128 0x13
 1190 0056 3F       		.uleb128 0x3f
 1191 0057 19       		.uleb128 0x19
 1192 0058 02       		.uleb128 0x2
 1193 0059 18       		.uleb128 0x18
ARM GAS  C:\Users\jdrd3\AppData\Local\Temp\ccFBZIOh.s 			page 22


 1194 005a 00       		.byte	0
 1195 005b 00       		.byte	0
 1196 005c 09       		.uleb128 0x9
 1197 005d 21       		.uleb128 0x21
 1198 005e 00       		.byte	0
 1199 005f 49       		.uleb128 0x49
 1200 0060 13       		.uleb128 0x13
 1201 0061 2F       		.uleb128 0x2f
 1202 0062 0B       		.uleb128 0xb
 1203 0063 00       		.byte	0
 1204 0064 00       		.byte	0
 1205 0065 00       		.byte	0
 1206              		.section	.debug_aranges,"",%progbits
 1207 0000 14000000 		.4byte	0x14
 1208 0004 0200     		.2byte	0x2
 1209 0006 00000000 		.4byte	.Ldebug_info0
 1210 000a 04       		.byte	0x4
 1211 000b 00       		.byte	0
 1212 000c 0000     		.2byte	0
 1213 000e 0000     		.2byte	0
 1214 0010 00000000 		.4byte	0
 1215 0014 00000000 		.4byte	0
 1216              		.section	.debug_line,"",%progbits
 1217              	.Ldebug_line0:
 1218 0000 3D010000 		.section	.debug_str,"MS",%progbits,1
 1218      02003701 
 1218      00000201 
 1218      FB0E0D00 
 1218      01010101 
 1219              	.LASF9:
 1220 0000 5F5F7569 		.ascii	"__uint8_t\000"
 1220      6E74385F 
 1220      7400
 1221              	.LASF16:
 1222 000a 63795F6D 		.ascii	"cy_metadata\000"
 1222      65746164 
 1222      61746100 
 1223              	.LASF1:
 1224 0016 756E7369 		.ascii	"unsigned char\000"
 1224      676E6564 
 1224      20636861 
 1224      7200
 1225              	.LASF17:
 1226 0024 474E5520 		.ascii	"GNU C11 5.4.1 20160609 (release) [ARM/embedded-5-br"
 1226      43313120 
 1226      352E342E 
 1226      31203230 
 1226      31363036 
 1227 0057 616E6368 		.ascii	"anch revision 237715] -mcpu=cortex-m3 -mthumb -g -O"
 1227      20726576 
 1227      6973696F 
 1227      6E203233 
 1227      37373135 
 1228 008a 67202D66 		.ascii	"g -ffunction-sections -ffat-lto-objects\000"
 1228      66756E63 
 1228      74696F6E 
 1228      2D736563 
ARM GAS  C:\Users\jdrd3\AppData\Local\Temp\ccFBZIOh.s 			page 23


 1228      74696F6E 
 1229              	.LASF5:
 1230 00b2 6C6F6E67 		.ascii	"long unsigned int\000"
 1230      20756E73 
 1230      69676E65 
 1230      6420696E 
 1230      7400
 1231              	.LASF3:
 1232 00c4 73686F72 		.ascii	"short unsigned int\000"
 1232      7420756E 
 1232      7369676E 
 1232      65642069 
 1232      6E7400
 1233              	.LASF13:
 1234 00d7 63795F6D 		.ascii	"cy_meta_custnvl\000"
 1234      6574615F 
 1234      63757374 
 1234      6E766C00 
 1235              	.LASF12:
 1236 00e7 63795F6D 		.ascii	"cy_meta_configecc\000"
 1236      6574615F 
 1236      636F6E66 
 1236      69676563 
 1236      6300
 1237              	.LASF8:
 1238 00f9 756E7369 		.ascii	"unsigned int\000"
 1238      676E6564 
 1238      20696E74 
 1238      00
 1239              	.LASF7:
 1240 0106 6C6F6E67 		.ascii	"long long unsigned int\000"
 1240      206C6F6E 
 1240      6720756E 
 1240      7369676E 
 1240      65642069 
 1241              	.LASF10:
 1242 011d 75696E74 		.ascii	"uint8_t\000"
 1242      385F7400 
 1243              	.LASF15:
 1244 0125 63795F6D 		.ascii	"cy_meta_flashprotect\000"
 1244      6574615F 
 1244      666C6173 
 1244      6870726F 
 1244      74656374 
 1245              	.LASF14:
 1246 013a 63795F6D 		.ascii	"cy_meta_wonvl\000"
 1246      6574615F 
 1246      776F6E76 
 1246      6C00
 1247              	.LASF11:
 1248 0148 73697A65 		.ascii	"sizetype\000"
 1248      74797065 
 1248      00
 1249              	.LASF6:
 1250 0151 6C6F6E67 		.ascii	"long long int\000"
 1250      206C6F6E 
 1250      6720696E 
ARM GAS  C:\Users\jdrd3\AppData\Local\Temp\ccFBZIOh.s 			page 24


 1250      7400
 1251              	.LASF2:
 1252 015f 73686F72 		.ascii	"short int\000"
 1252      7420696E 
 1252      7400
 1253              	.LASF19:
 1254 0169 433A5C55 		.ascii	"C:\\Users\\jdrd3\\Documents\\PSoC Creator\\Pulsomer"
 1254      73657273 
 1254      5C6A6472 
 1254      64335C44 
 1254      6F63756D 
 1255 0197 74726961 		.ascii	"tria-con-MAX30102\\Pulsioximetro.cydsn\000"
 1255      2D636F6E 
 1255      2D4D4158 
 1255      33303130 
 1255      325C5075 
 1256              	.LASF4:
 1257 01bd 6C6F6E67 		.ascii	"long int\000"
 1257      20696E74 
 1257      00
 1258              	.LASF0:
 1259 01c6 7369676E 		.ascii	"signed char\000"
 1259      65642063 
 1259      68617200 
 1260              	.LASF18:
 1261 01d2 47656E65 		.ascii	"Generated_Source\\PSoC5\\cymetadata.c\000"
 1261      72617465 
 1261      645F536F 
 1261      75726365 
 1261      5C50536F 
 1262              		.ident	"GCC: (GNU Tools for ARM Embedded Processors) 5.4.1 20160609 (release) [ARM/embedded-5-bran
