ARM GAS  C:\Users\nikod\AppData\Local\Temp\ccKrhu6X.s 			page 1


   1              		.syntax unified
   2              		.cpu cortex-m3
   3              		.fpu softvfp
   4              		.eabi_attribute 20, 1
   5              		.eabi_attribute 21, 1
   6              		.eabi_attribute 23, 3
   7              		.eabi_attribute 24, 1
   8              		.eabi_attribute 25, 1
   9              		.eabi_attribute 26, 1
  10              		.eabi_attribute 30, 1
  11              		.eabi_attribute 34, 1
  12              		.eabi_attribute 18, 4
  13              		.thumb
  14              		.syntax unified
  15              		.file	"main.c"
  16              		.text
  17              	.Ltext0:
  18              		.cfi_sections	.debug_frame
  19              		.section	.text.InterrupRx,"ax",%progbits
  20              		.align	2
  21              		.global	InterrupRx
  22              		.thumb
  23              		.thumb_func
  24              		.type	InterrupRx, %function
  25              	InterrupRx:
  26              	.LFB64:
  27              		.file 1 "main.c"
   1:main.c        **** /* ========================================
   2:main.c        ****  *
   3:main.c        ****  * Copyright YOUR COMPANY, THE YEAR
   4:main.c        ****  * All Rights Reserved
   5:main.c        ****  * UNPUBLISHED, LICENSED SOFTWARE.
   6:main.c        ****  *
   7:main.c        ****  * CONFIDENTIAL AND PROPRIETARY INFORMATION
   8:main.c        ****  * WHICH IS THE PROPERTY OF your company.
   9:main.c        ****  *
  10:main.c        ****  * ========================================
  11:main.c        **** */
  12:main.c        **** #include "project.h"
  13:main.c        **** #include <string.h>
  14:main.c        **** #include <stdio.h>
  15:main.c        **** #include <stdbool.h>
  16:main.c        **** #include "MAX30102.h"
  17:main.c        **** #define MAX30105_ADDRESS          0x57 //7-bit I2C Address
  18:main.c        **** 
  19:main.c        **** 
  20:main.c        **** const unsigned char ledBrightness = 0x1F; //Options: 0=Off to 255=50mA
  21:main.c        **** const unsigned char sampleAverage = 8; //Options: 1, 2, 4, 8, 16, 32
  22:main.c        **** const unsigned char ledMode = 3; //Options: 1 = Red only, 2 = Red + IR, 3 = Red + IR + Green
  23:main.c        **** const int sampleRate = 100; //Options: 50, 100, 200, 400, 800, 1000, 1600, 3200
  24:main.c        **** const int pulseWidth = 411; //Options: 69, 118, 215, 411
  25:main.c        **** const int adcRange = 4096; //Options: 2048, 4096, 8192, 16384
  26:main.c        **** 
  27:main.c        **** volatile char data;
  28:main.c        **** char Buffer[12]={};
  29:main.c        **** 
  30:main.c        **** CY_ISR(InterrupRx){
ARM GAS  C:\Users\nikod\AppData\Local\Temp\ccKrhu6X.s 			page 2


  28              		.loc 1 30 0
  29              		.cfi_startproc
  30              		@ args = 0, pretend = 0, frame = 0
  31              		@ frame_needed = 0, uses_anonymous_args = 0
  32 0000 08B5     		push	{r3, lr}
  33              		.cfi_def_cfa_offset 8
  34              		.cfi_offset 3, -8
  35              		.cfi_offset 14, -4
  31:main.c        ****     data=UART_GetChar();//recibe el dato del bluetooth
  36              		.loc 1 31 0
  37 0002 FFF7FEFF 		bl	UART_GetChar
  38              	.LVL0:
  39 0006 024B     		ldr	r3, .L3
  40 0008 1870     		strb	r0, [r3]
  32:main.c        ****     switch (data){
  41              		.loc 1 32 0
  42 000a 1B78     		ldrb	r3, [r3]	@ zero_extendqisi2
  43 000c 08BD     		pop	{r3, pc}
  44              	.L4:
  45 000e 00BF     		.align	2
  46              	.L3:
  47 0010 00000000 		.word	data
  48              		.cfi_endproc
  49              	.LFE64:
  50              		.size	InterrupRx, .-InterrupRx
  51              		.section	.text.main,"ax",%progbits
  52              		.align	2
  53              		.global	main
  54              		.thumb
  55              		.thumb_func
  56              		.type	main, %function
  57              	main:
  58              	.LFB65:
  33:main.c        ****         case '5':{            
  34:main.c        ****             break;
  35:main.c        ****         }
  36:main.c        ****         
  37:main.c        ****         case '6':
  38:main.c        ****         {   
  39:main.c        ****             
  40:main.c        ****             break;
  41:main.c        ****         }
  42:main.c        ****         default:
  43:main.c        ****         {
  44:main.c        ****             break;
  45:main.c        ****         }
  46:main.c        ****     }
  47:main.c        **** }
  48:main.c        **** 
  49:main.c        **** 
  50:main.c        **** int main(void)
  51:main.c        **** {
  59              		.loc 1 51 0
  60              		.cfi_startproc
  61              		@ Volatile: function does not return.
  62              		@ args = 0, pretend = 0, frame = 0
  63              		@ frame_needed = 0, uses_anonymous_args = 0
ARM GAS  C:\Users\nikod\AppData\Local\Temp\ccKrhu6X.s 			page 3


  64 0000 00B5     		push	{lr}
  65              		.cfi_def_cfa_offset 4
  66              		.cfi_offset 14, -4
  67 0002 83B0     		sub	sp, sp, #12
  68              		.cfi_def_cfa_offset 16
  52:main.c        ****     CyGlobalIntEnable; /* Enable global interrupts. */
  69              		.loc 1 52 0
  70              		.syntax unified
  71              	@ 52 "main.c" 1
  72 0004 62B6     		CPSIE   i
  73              	@ 0 "" 2
  53:main.c        ****     IRQRX_StartEx(InterrupRx);
  74              		.loc 1 53 0
  75              		.thumb
  76              		.syntax unified
  77 0006 1348     		ldr	r0, .L8
  78 0008 FFF7FEFF 		bl	IRQRX_StartEx
  79              	.LVL1:
  54:main.c        ****     UART_Start();
  80              		.loc 1 54 0
  81 000c FFF7FEFF 		bl	UART_Start
  82              	.LVL2:
  55:main.c        ****     UART_PutString("Iniciando\r\n");
  83              		.loc 1 55 0
  84 0010 1148     		ldr	r0, .L8+4
  85 0012 FFF7FEFF 		bl	UART_PutString
  86              	.LVL3:
  56:main.c        ****     Max_Init(ledBrightness, sampleAverage, ledMode, sampleRate, pulseWidth, adcRange); //Configure 
  87              		.loc 1 56 0
  88 0016 4FF48053 		mov	r3, #4096
  89 001a 0193     		str	r3, [sp, #4]
  90 001c 40F29B13 		movw	r3, #411
  91 0020 0093     		str	r3, [sp]
  92 0022 6423     		movs	r3, #100
  93 0024 0322     		movs	r2, #3
  94 0026 0821     		movs	r1, #8
  95 0028 1F20     		movs	r0, #31
  96 002a FFF7FEFF 		bl	Max_Init
  97              	.LVL4:
  98              	.L6:
  57:main.c        ****     
  58:main.c        ****     /* Place your initialization/startup code here (e.g. MyInst_Start()) */
  59:main.c        **** 
  60:main.c        ****     for(;;)
  61:main.c        ****     {
  62:main.c        ****         sprintf(Buffer,"%lu",Max_getIR());//lo codifica en ascci
  99              		.loc 1 62 0 discriminator 1
 100 002e FFF7FEFF 		bl	Max_getIR
 101              	.LVL5:
 102 0032 0A4C     		ldr	r4, .L8+8
 103 0034 0246     		mov	r2, r0
 104 0036 0A49     		ldr	r1, .L8+12
 105 0038 2046     		mov	r0, r4
 106 003a FFF7FEFF 		bl	sprintf
 107              	.LVL6:
  63:main.c        ****         UART_PutString(Buffer);
 108              		.loc 1 63 0 discriminator 1
ARM GAS  C:\Users\nikod\AppData\Local\Temp\ccKrhu6X.s 			page 4


 109 003e 2046     		mov	r0, r4
 110 0040 FFF7FEFF 		bl	UART_PutString
 111              	.LVL7:
  64:main.c        ****         UART_PutString("\r\n");
 112              		.loc 1 64 0 discriminator 1
 113 0044 0748     		ldr	r0, .L8+16
 114 0046 FFF7FEFF 		bl	UART_PutString
 115              	.LVL8:
  65:main.c        ****         CyDelay(10);
 116              		.loc 1 65 0 discriminator 1
 117 004a 0A20     		movs	r0, #10
 118 004c FFF7FEFF 		bl	CyDelay
 119              	.LVL9:
 120 0050 EDE7     		b	.L6
 121              	.L9:
 122 0052 00BF     		.align	2
 123              	.L8:
 124 0054 00000000 		.word	InterrupRx
 125 0058 00000000 		.word	.LC0
 126 005c 00000000 		.word	.LANCHOR0
 127 0060 0C000000 		.word	.LC1
 128 0064 10000000 		.word	.LC2
 129              		.cfi_endproc
 130              	.LFE65:
 131              		.size	main, .-main
 132              		.global	Buffer
 133              		.comm	data,1,1
 134              		.global	adcRange
 135              		.global	pulseWidth
 136              		.global	sampleRate
 137              		.global	ledMode
 138              		.global	sampleAverage
 139              		.global	ledBrightness
 140              		.comm	activeLEDs,1,1
 141              		.section	.rodata
 142              		.align	2
 143              		.type	adcRange, %object
 144              		.size	adcRange, 4
 145              	adcRange:
 146 0000 00100000 		.word	4096
 147              		.type	pulseWidth, %object
 148              		.size	pulseWidth, 4
 149              	pulseWidth:
 150 0004 9B010000 		.word	411
 151              		.type	sampleRate, %object
 152              		.size	sampleRate, 4
 153              	sampleRate:
 154 0008 64000000 		.word	100
 155              		.type	ledMode, %object
 156              		.size	ledMode, 1
 157              	ledMode:
 158 000c 03       		.byte	3
 159              		.type	sampleAverage, %object
 160              		.size	sampleAverage, 1
 161              	sampleAverage:
 162 000d 08       		.byte	8
 163              		.type	ledBrightness, %object
ARM GAS  C:\Users\nikod\AppData\Local\Temp\ccKrhu6X.s 			page 5


 164              		.size	ledBrightness, 1
 165              	ledBrightness:
 166 000e 1F       		.byte	31
 167              		.section	.rodata.str1.4,"aMS",%progbits,1
 168              		.align	2
 169              	.LC0:
 170 0000 496E6963 		.ascii	"Iniciando\015\012\000"
 170      69616E64 
 170      6F0D0A00 
 171              	.LC1:
 172 000c 256C7500 		.ascii	"%lu\000"
 173              	.LC2:
 174 0010 0D0A00   		.ascii	"\015\012\000"
 175              		.bss
 176              		.align	2
 177              		.set	.LANCHOR0,. + 0
 178              		.type	Buffer, %object
 179              		.size	Buffer, 12
 180              	Buffer:
 181 0000 00000000 		.space	12
 181      00000000 
 181      00000000 
 182              		.text
 183              	.Letext0:
 184              		.file 2 "c:\\program files (x86)\\cypress\\psoc creator\\4.2\\psoc creator\\import\\gnu\\arm\\5.4.
 185              		.file 3 "c:\\program files (x86)\\cypress\\psoc creator\\4.2\\psoc creator\\import\\gnu\\arm\\5.4.
 186              		.file 4 "Generated_Source\\PSoC5/core_cm3.h"
 187              		.file 5 "MAX30102.h"
 188              		.file 6 "Generated_Source\\PSoC5/UART.h"
 189              		.file 7 "Generated_Source\\PSoC5/IRQRX.h"
 190              		.file 8 "c:\\program files (x86)\\cypress\\psoc creator\\4.2\\psoc creator\\import\\gnu\\arm\\5.4.
 191              		.file 9 "Generated_Source\\PSoC5/CyLib.h"
 192              		.section	.debug_info,"",%progbits
 193              	.Ldebug_info0:
 194 0000 C5020000 		.4byte	0x2c5
 195 0004 0400     		.2byte	0x4
 196 0006 00000000 		.4byte	.Ldebug_abbrev0
 197 000a 04       		.byte	0x4
 198 000b 01       		.uleb128 0x1
 199 000c C7000000 		.4byte	.LASF34
 200 0010 0C       		.byte	0xc
 201 0011 06020000 		.4byte	.LASF35
 202 0015 23000000 		.4byte	.LASF36
 203 0019 00000000 		.4byte	.Ldebug_ranges0+0
 204 001d 00000000 		.4byte	0
 205 0021 00000000 		.4byte	.Ldebug_line0
 206 0025 02       		.uleb128 0x2
 207 0026 01       		.byte	0x1
 208 0027 06       		.byte	0x6
 209 0028 4A020000 		.4byte	.LASF0
 210 002c 02       		.uleb128 0x2
 211 002d 01       		.byte	0x1
 212 002e 08       		.byte	0x8
 213 002f B9000000 		.4byte	.LASF1
 214 0033 02       		.uleb128 0x2
 215 0034 02       		.byte	0x2
 216 0035 05       		.byte	0x5
ARM GAS  C:\Users\nikod\AppData\Local\Temp\ccKrhu6X.s 			page 6


 217 0036 1F020000 		.4byte	.LASF2
 218 003a 02       		.uleb128 0x2
 219 003b 02       		.byte	0x2
 220 003c 07       		.byte	0x7
 221 003d 80000000 		.4byte	.LASF3
 222 0041 03       		.uleb128 0x3
 223 0042 19000000 		.4byte	.LASF9
 224 0046 02       		.byte	0x2
 225 0047 3F       		.byte	0x3f
 226 0048 4C000000 		.4byte	0x4c
 227 004c 02       		.uleb128 0x2
 228 004d 04       		.byte	0x4
 229 004e 05       		.byte	0x5
 230 004f 77000000 		.4byte	.LASF4
 231 0053 02       		.uleb128 0x2
 232 0054 04       		.byte	0x4
 233 0055 07       		.byte	0x7
 234 0056 55010000 		.4byte	.LASF5
 235 005a 02       		.uleb128 0x2
 236 005b 08       		.byte	0x8
 237 005c 05       		.byte	0x5
 238 005d F8010000 		.4byte	.LASF6
 239 0061 02       		.uleb128 0x2
 240 0062 08       		.byte	0x8
 241 0063 07       		.byte	0x7
 242 0064 D0010000 		.4byte	.LASF7
 243 0068 04       		.uleb128 0x4
 244 0069 04       		.byte	0x4
 245 006a 05       		.byte	0x5
 246 006b 696E7400 		.ascii	"int\000"
 247 006f 02       		.uleb128 0x2
 248 0070 04       		.byte	0x4
 249 0071 07       		.byte	0x7
 250 0072 B5010000 		.4byte	.LASF8
 251 0076 03       		.uleb128 0x3
 252 0077 E7010000 		.4byte	.LASF10
 253 007b 03       		.byte	0x3
 254 007c 2C       		.byte	0x2c
 255 007d 41000000 		.4byte	0x41
 256 0081 02       		.uleb128 0x2
 257 0082 04       		.byte	0x4
 258 0083 04       		.byte	0x4
 259 0084 A7000000 		.4byte	.LASF11
 260 0088 02       		.uleb128 0x2
 261 0089 08       		.byte	0x8
 262 008a 04       		.byte	0x4
 263 008b 9E010000 		.4byte	.LASF12
 264 008f 02       		.uleb128 0x2
 265 0090 01       		.byte	0x1
 266 0091 08       		.byte	0x8
 267 0092 0D020000 		.4byte	.LASF13
 268 0096 02       		.uleb128 0x2
 269 0097 08       		.byte	0x8
 270 0098 04       		.byte	0x4
 271 0099 3E020000 		.4byte	.LASF14
 272 009d 02       		.uleb128 0x2
 273 009e 04       		.byte	0x4
ARM GAS  C:\Users\nikod\AppData\Local\Temp\ccKrhu6X.s 			page 7


 274 009f 07       		.byte	0x7
 275 00a0 EF010000 		.4byte	.LASF15
 276 00a4 05       		.uleb128 0x5
 277 00a5 29020000 		.4byte	.LASF37
 278 00a9 01       		.byte	0x1
 279 00aa 1E       		.byte	0x1e
 280 00ab 00000000 		.4byte	.LFB64
 281 00af 14000000 		.4byte	.LFE64-.LFB64
 282 00b3 01       		.uleb128 0x1
 283 00b4 9C       		.byte	0x9c
 284 00b5 C3000000 		.4byte	0xc3
 285 00b9 06       		.uleb128 0x6
 286 00ba 06000000 		.4byte	.LVL0
 287 00be 70020000 		.4byte	0x270
 288 00c2 00       		.byte	0
 289 00c3 07       		.uleb128 0x7
 290 00c4 B0010000 		.4byte	.LASF38
 291 00c8 01       		.byte	0x1
 292 00c9 32       		.byte	0x32
 293 00ca 68000000 		.4byte	0x68
 294 00ce 00000000 		.4byte	.LFB65
 295 00d2 68000000 		.4byte	.LFE65-.LFB65
 296 00d6 01       		.uleb128 0x1
 297 00d7 9C       		.byte	0x9c
 298 00d8 A7010000 		.4byte	0x1a7
 299 00dc 08       		.uleb128 0x8
 300 00dd 0C000000 		.4byte	.LVL1
 301 00e1 7B020000 		.4byte	0x27b
 302 00e5 F3000000 		.4byte	0xf3
 303 00e9 09       		.uleb128 0x9
 304 00ea 01       		.uleb128 0x1
 305 00eb 50       		.byte	0x50
 306 00ec 05       		.uleb128 0x5
 307 00ed 03       		.byte	0x3
 308 00ee 00000000 		.4byte	InterrupRx
 309 00f2 00       		.byte	0
 310 00f3 06       		.uleb128 0x6
 311 00f4 10000000 		.4byte	.LVL2
 312 00f8 86020000 		.4byte	0x286
 313 00fc 08       		.uleb128 0x8
 314 00fd 16000000 		.4byte	.LVL3
 315 0101 91020000 		.4byte	0x291
 316 0105 13010000 		.4byte	0x113
 317 0109 09       		.uleb128 0x9
 318 010a 01       		.uleb128 0x1
 319 010b 50       		.byte	0x50
 320 010c 05       		.uleb128 0x5
 321 010d 03       		.byte	0x3
 322 010e 00000000 		.4byte	.LC0
 323 0112 00       		.byte	0
 324 0113 08       		.uleb128 0x8
 325 0114 2E000000 		.4byte	.LVL4
 326 0118 9C020000 		.4byte	0x29c
 327 011c 46010000 		.4byte	0x146
 328 0120 09       		.uleb128 0x9
 329 0121 01       		.uleb128 0x1
 330 0122 50       		.byte	0x50
ARM GAS  C:\Users\nikod\AppData\Local\Temp\ccKrhu6X.s 			page 8


 331 0123 01       		.uleb128 0x1
 332 0124 4F       		.byte	0x4f
 333 0125 09       		.uleb128 0x9
 334 0126 01       		.uleb128 0x1
 335 0127 51       		.byte	0x51
 336 0128 01       		.uleb128 0x1
 337 0129 38       		.byte	0x38
 338 012a 09       		.uleb128 0x9
 339 012b 01       		.uleb128 0x1
 340 012c 52       		.byte	0x52
 341 012d 01       		.uleb128 0x1
 342 012e 33       		.byte	0x33
 343 012f 09       		.uleb128 0x9
 344 0130 01       		.uleb128 0x1
 345 0131 53       		.byte	0x53
 346 0132 02       		.uleb128 0x2
 347 0133 08       		.byte	0x8
 348 0134 64       		.byte	0x64
 349 0135 09       		.uleb128 0x9
 350 0136 02       		.uleb128 0x2
 351 0137 7D       		.byte	0x7d
 352 0138 00       		.sleb128 0
 353 0139 03       		.uleb128 0x3
 354 013a 0A       		.byte	0xa
 355 013b 9B01     		.2byte	0x19b
 356 013d 09       		.uleb128 0x9
 357 013e 02       		.uleb128 0x2
 358 013f 7D       		.byte	0x7d
 359 0140 04       		.sleb128 4
 360 0141 03       		.uleb128 0x3
 361 0142 0A       		.byte	0xa
 362 0143 0010     		.2byte	0x1000
 363 0145 00       		.byte	0
 364 0146 06       		.uleb128 0x6
 365 0147 32000000 		.4byte	.LVL5
 366 014b A7020000 		.4byte	0x2a7
 367 014f 08       		.uleb128 0x8
 368 0150 3E000000 		.4byte	.LVL6
 369 0154 B2020000 		.4byte	0x2b2
 370 0158 6C010000 		.4byte	0x16c
 371 015c 09       		.uleb128 0x9
 372 015d 01       		.uleb128 0x1
 373 015e 50       		.byte	0x50
 374 015f 02       		.uleb128 0x2
 375 0160 74       		.byte	0x74
 376 0161 00       		.sleb128 0
 377 0162 09       		.uleb128 0x9
 378 0163 01       		.uleb128 0x1
 379 0164 51       		.byte	0x51
 380 0165 05       		.uleb128 0x5
 381 0166 03       		.byte	0x3
 382 0167 0C000000 		.4byte	.LC1
 383 016b 00       		.byte	0
 384 016c 08       		.uleb128 0x8
 385 016d 44000000 		.4byte	.LVL7
 386 0171 91020000 		.4byte	0x291
 387 0175 80010000 		.4byte	0x180
ARM GAS  C:\Users\nikod\AppData\Local\Temp\ccKrhu6X.s 			page 9


 388 0179 09       		.uleb128 0x9
 389 017a 01       		.uleb128 0x1
 390 017b 50       		.byte	0x50
 391 017c 02       		.uleb128 0x2
 392 017d 74       		.byte	0x74
 393 017e 00       		.sleb128 0
 394 017f 00       		.byte	0
 395 0180 08       		.uleb128 0x8
 396 0181 4A000000 		.4byte	.LVL8
 397 0185 91020000 		.4byte	0x291
 398 0189 97010000 		.4byte	0x197
 399 018d 09       		.uleb128 0x9
 400 018e 01       		.uleb128 0x1
 401 018f 50       		.byte	0x50
 402 0190 05       		.uleb128 0x5
 403 0191 03       		.byte	0x3
 404 0192 10000000 		.4byte	.LC2
 405 0196 00       		.byte	0
 406 0197 0A       		.uleb128 0xa
 407 0198 50000000 		.4byte	.LVL9
 408 019c BD020000 		.4byte	0x2bd
 409 01a0 09       		.uleb128 0x9
 410 01a1 01       		.uleb128 0x1
 411 01a2 50       		.byte	0x50
 412 01a3 01       		.uleb128 0x1
 413 01a4 3A       		.byte	0x3a
 414 01a5 00       		.byte	0
 415 01a6 00       		.byte	0
 416 01a7 0B       		.uleb128 0xb
 417 01a8 89010000 		.4byte	.LASF16
 418 01ac 04       		.byte	0x4
 419 01ad 1207     		.2byte	0x712
 420 01af B3010000 		.4byte	0x1b3
 421 01b3 0C       		.uleb128 0xc
 422 01b4 76000000 		.4byte	0x76
 423 01b8 0D       		.uleb128 0xd
 424 01b9 A5010000 		.4byte	.LASF17
 425 01bd 05       		.byte	0x5
 426 01be 0F       		.byte	0xf
 427 01bf 2C000000 		.4byte	0x2c
 428 01c3 05       		.uleb128 0x5
 429 01c4 03       		.byte	0x3
 430 01c5 00000000 		.4byte	activeLEDs
 431 01c9 0D       		.uleb128 0xd
 432 01ca 00000000 		.4byte	.LASF18
 433 01ce 01       		.byte	0x1
 434 01cf 14       		.byte	0x14
 435 01d0 DA010000 		.4byte	0x1da
 436 01d4 05       		.uleb128 0x5
 437 01d5 03       		.byte	0x3
 438 01d6 00000000 		.4byte	ledBrightness
 439 01da 0E       		.uleb128 0xe
 440 01db 2C000000 		.4byte	0x2c
 441 01df 0D       		.uleb128 0xd
 442 01e0 7B010000 		.4byte	.LASF19
 443 01e4 01       		.byte	0x1
 444 01e5 15       		.byte	0x15
ARM GAS  C:\Users\nikod\AppData\Local\Temp\ccKrhu6X.s 			page 10


 445 01e6 DA010000 		.4byte	0x1da
 446 01ea 05       		.uleb128 0x5
 447 01eb 03       		.byte	0x3
 448 01ec 00000000 		.4byte	sampleAverage
 449 01f0 0D       		.uleb128 0xd
 450 01f1 96010000 		.4byte	.LASF20
 451 01f5 01       		.byte	0x1
 452 01f6 16       		.byte	0x16
 453 01f7 DA010000 		.4byte	0x1da
 454 01fb 05       		.uleb128 0x5
 455 01fc 03       		.byte	0x3
 456 01fd 00000000 		.4byte	ledMode
 457 0201 0D       		.uleb128 0xd
 458 0202 93000000 		.4byte	.LASF21
 459 0206 01       		.byte	0x1
 460 0207 17       		.byte	0x17
 461 0208 12020000 		.4byte	0x212
 462 020c 05       		.uleb128 0x5
 463 020d 03       		.byte	0x3
 464 020e 00000000 		.4byte	sampleRate
 465 0212 0E       		.uleb128 0xe
 466 0213 68000000 		.4byte	0x68
 467 0217 0D       		.uleb128 0xd
 468 0218 0E000000 		.4byte	.LASF22
 469 021c 01       		.byte	0x1
 470 021d 18       		.byte	0x18
 471 021e 12020000 		.4byte	0x212
 472 0222 05       		.uleb128 0x5
 473 0223 03       		.byte	0x3
 474 0224 00000000 		.4byte	pulseWidth
 475 0228 0D       		.uleb128 0xd
 476 0229 9E000000 		.4byte	.LASF23
 477 022d 01       		.byte	0x1
 478 022e 19       		.byte	0x19
 479 022f 12020000 		.4byte	0x212
 480 0233 05       		.uleb128 0x5
 481 0234 03       		.byte	0x3
 482 0235 00000000 		.4byte	adcRange
 483 0239 0D       		.uleb128 0xd
 484 023a AD000000 		.4byte	.LASF24
 485 023e 01       		.byte	0x1
 486 023f 1B       		.byte	0x1b
 487 0240 4A020000 		.4byte	0x24a
 488 0244 05       		.uleb128 0x5
 489 0245 03       		.byte	0x3
 490 0246 00000000 		.4byte	data
 491 024a 0C       		.uleb128 0xc
 492 024b 8F000000 		.4byte	0x8f
 493 024f 0F       		.uleb128 0xf
 494 0250 8F000000 		.4byte	0x8f
 495 0254 5F020000 		.4byte	0x25f
 496 0258 10       		.uleb128 0x10
 497 0259 9D000000 		.4byte	0x9d
 498 025d 0B       		.byte	0xb
 499 025e 00       		.byte	0
 500 025f 0D       		.uleb128 0xd
 501 0260 B2000000 		.4byte	.LASF25
ARM GAS  C:\Users\nikod\AppData\Local\Temp\ccKrhu6X.s 			page 11


 502 0264 01       		.byte	0x1
 503 0265 1C       		.byte	0x1c
 504 0266 4F020000 		.4byte	0x24f
 505 026a 05       		.uleb128 0x5
 506 026b 03       		.byte	0x3
 507 026c 00000000 		.4byte	Buffer
 508 0270 11       		.uleb128 0x11
 509 0271 12020000 		.4byte	.LASF26
 510 0275 12020000 		.4byte	.LASF26
 511 0279 06       		.byte	0x6
 512 027a 71       		.byte	0x71
 513 027b 11       		.uleb128 0x11
 514 027c C2010000 		.4byte	.LASF27
 515 0280 C2010000 		.4byte	.LASF27
 516 0284 07       		.byte	0x7
 517 0285 18       		.byte	0x18
 518 0286 11       		.uleb128 0x11
 519 0287 70010000 		.4byte	.LASF28
 520 028b 70010000 		.4byte	.LASF28
 521 028f 06       		.byte	0x6
 522 0290 54       		.byte	0x54
 523 0291 11       		.uleb128 0x11
 524 0292 56020000 		.4byte	.LASF29
 525 0296 56020000 		.4byte	.LASF29
 526 029a 06       		.byte	0x6
 527 029b 8B       		.byte	0x8b
 528 029c 11       		.uleb128 0x11
 529 029d 67010000 		.4byte	.LASF30
 530 02a1 67010000 		.4byte	.LASF30
 531 02a5 05       		.byte	0x5
 532 02a6 11       		.byte	0x11
 533 02a7 11       		.uleb128 0x11
 534 02a8 34020000 		.4byte	.LASF31
 535 02ac 34020000 		.4byte	.LASF31
 536 02b0 05       		.byte	0x5
 537 02b1 12       		.byte	0x12
 538 02b2 11       		.uleb128 0x11
 539 02b3 65020000 		.4byte	.LASF32
 540 02b7 65020000 		.4byte	.LASF32
 541 02bb 08       		.byte	0x8
 542 02bc E7       		.byte	0xe7
 543 02bd 11       		.uleb128 0x11
 544 02be 6D020000 		.4byte	.LASF33
 545 02c2 6D020000 		.4byte	.LASF33
 546 02c6 09       		.byte	0x9
 547 02c7 76       		.byte	0x76
 548 02c8 00       		.byte	0
 549              		.section	.debug_abbrev,"",%progbits
 550              	.Ldebug_abbrev0:
 551 0000 01       		.uleb128 0x1
 552 0001 11       		.uleb128 0x11
 553 0002 01       		.byte	0x1
 554 0003 25       		.uleb128 0x25
 555 0004 0E       		.uleb128 0xe
 556 0005 13       		.uleb128 0x13
 557 0006 0B       		.uleb128 0xb
 558 0007 03       		.uleb128 0x3
ARM GAS  C:\Users\nikod\AppData\Local\Temp\ccKrhu6X.s 			page 12


 559 0008 0E       		.uleb128 0xe
 560 0009 1B       		.uleb128 0x1b
 561 000a 0E       		.uleb128 0xe
 562 000b 55       		.uleb128 0x55
 563 000c 17       		.uleb128 0x17
 564 000d 11       		.uleb128 0x11
 565 000e 01       		.uleb128 0x1
 566 000f 10       		.uleb128 0x10
 567 0010 17       		.uleb128 0x17
 568 0011 00       		.byte	0
 569 0012 00       		.byte	0
 570 0013 02       		.uleb128 0x2
 571 0014 24       		.uleb128 0x24
 572 0015 00       		.byte	0
 573 0016 0B       		.uleb128 0xb
 574 0017 0B       		.uleb128 0xb
 575 0018 3E       		.uleb128 0x3e
 576 0019 0B       		.uleb128 0xb
 577 001a 03       		.uleb128 0x3
 578 001b 0E       		.uleb128 0xe
 579 001c 00       		.byte	0
 580 001d 00       		.byte	0
 581 001e 03       		.uleb128 0x3
 582 001f 16       		.uleb128 0x16
 583 0020 00       		.byte	0
 584 0021 03       		.uleb128 0x3
 585 0022 0E       		.uleb128 0xe
 586 0023 3A       		.uleb128 0x3a
 587 0024 0B       		.uleb128 0xb
 588 0025 3B       		.uleb128 0x3b
 589 0026 0B       		.uleb128 0xb
 590 0027 49       		.uleb128 0x49
 591 0028 13       		.uleb128 0x13
 592 0029 00       		.byte	0
 593 002a 00       		.byte	0
 594 002b 04       		.uleb128 0x4
 595 002c 24       		.uleb128 0x24
 596 002d 00       		.byte	0
 597 002e 0B       		.uleb128 0xb
 598 002f 0B       		.uleb128 0xb
 599 0030 3E       		.uleb128 0x3e
 600 0031 0B       		.uleb128 0xb
 601 0032 03       		.uleb128 0x3
 602 0033 08       		.uleb128 0x8
 603 0034 00       		.byte	0
 604 0035 00       		.byte	0
 605 0036 05       		.uleb128 0x5
 606 0037 2E       		.uleb128 0x2e
 607 0038 01       		.byte	0x1
 608 0039 3F       		.uleb128 0x3f
 609 003a 19       		.uleb128 0x19
 610 003b 03       		.uleb128 0x3
 611 003c 0E       		.uleb128 0xe
 612 003d 3A       		.uleb128 0x3a
 613 003e 0B       		.uleb128 0xb
 614 003f 3B       		.uleb128 0x3b
 615 0040 0B       		.uleb128 0xb
ARM GAS  C:\Users\nikod\AppData\Local\Temp\ccKrhu6X.s 			page 13


 616 0041 27       		.uleb128 0x27
 617 0042 19       		.uleb128 0x19
 618 0043 11       		.uleb128 0x11
 619 0044 01       		.uleb128 0x1
 620 0045 12       		.uleb128 0x12
 621 0046 06       		.uleb128 0x6
 622 0047 40       		.uleb128 0x40
 623 0048 18       		.uleb128 0x18
 624 0049 9742     		.uleb128 0x2117
 625 004b 19       		.uleb128 0x19
 626 004c 01       		.uleb128 0x1
 627 004d 13       		.uleb128 0x13
 628 004e 00       		.byte	0
 629 004f 00       		.byte	0
 630 0050 06       		.uleb128 0x6
 631 0051 898201   		.uleb128 0x4109
 632 0054 00       		.byte	0
 633 0055 11       		.uleb128 0x11
 634 0056 01       		.uleb128 0x1
 635 0057 31       		.uleb128 0x31
 636 0058 13       		.uleb128 0x13
 637 0059 00       		.byte	0
 638 005a 00       		.byte	0
 639 005b 07       		.uleb128 0x7
 640 005c 2E       		.uleb128 0x2e
 641 005d 01       		.byte	0x1
 642 005e 3F       		.uleb128 0x3f
 643 005f 19       		.uleb128 0x19
 644 0060 03       		.uleb128 0x3
 645 0061 0E       		.uleb128 0xe
 646 0062 3A       		.uleb128 0x3a
 647 0063 0B       		.uleb128 0xb
 648 0064 3B       		.uleb128 0x3b
 649 0065 0B       		.uleb128 0xb
 650 0066 27       		.uleb128 0x27
 651 0067 19       		.uleb128 0x19
 652 0068 49       		.uleb128 0x49
 653 0069 13       		.uleb128 0x13
 654 006a 8701     		.uleb128 0x87
 655 006c 19       		.uleb128 0x19
 656 006d 11       		.uleb128 0x11
 657 006e 01       		.uleb128 0x1
 658 006f 12       		.uleb128 0x12
 659 0070 06       		.uleb128 0x6
 660 0071 40       		.uleb128 0x40
 661 0072 18       		.uleb128 0x18
 662 0073 9742     		.uleb128 0x2117
 663 0075 19       		.uleb128 0x19
 664 0076 01       		.uleb128 0x1
 665 0077 13       		.uleb128 0x13
 666 0078 00       		.byte	0
 667 0079 00       		.byte	0
 668 007a 08       		.uleb128 0x8
 669 007b 898201   		.uleb128 0x4109
 670 007e 01       		.byte	0x1
 671 007f 11       		.uleb128 0x11
 672 0080 01       		.uleb128 0x1
ARM GAS  C:\Users\nikod\AppData\Local\Temp\ccKrhu6X.s 			page 14


 673 0081 31       		.uleb128 0x31
 674 0082 13       		.uleb128 0x13
 675 0083 01       		.uleb128 0x1
 676 0084 13       		.uleb128 0x13
 677 0085 00       		.byte	0
 678 0086 00       		.byte	0
 679 0087 09       		.uleb128 0x9
 680 0088 8A8201   		.uleb128 0x410a
 681 008b 00       		.byte	0
 682 008c 02       		.uleb128 0x2
 683 008d 18       		.uleb128 0x18
 684 008e 9142     		.uleb128 0x2111
 685 0090 18       		.uleb128 0x18
 686 0091 00       		.byte	0
 687 0092 00       		.byte	0
 688 0093 0A       		.uleb128 0xa
 689 0094 898201   		.uleb128 0x4109
 690 0097 01       		.byte	0x1
 691 0098 11       		.uleb128 0x11
 692 0099 01       		.uleb128 0x1
 693 009a 31       		.uleb128 0x31
 694 009b 13       		.uleb128 0x13
 695 009c 00       		.byte	0
 696 009d 00       		.byte	0
 697 009e 0B       		.uleb128 0xb
 698 009f 34       		.uleb128 0x34
 699 00a0 00       		.byte	0
 700 00a1 03       		.uleb128 0x3
 701 00a2 0E       		.uleb128 0xe
 702 00a3 3A       		.uleb128 0x3a
 703 00a4 0B       		.uleb128 0xb
 704 00a5 3B       		.uleb128 0x3b
 705 00a6 05       		.uleb128 0x5
 706 00a7 49       		.uleb128 0x49
 707 00a8 13       		.uleb128 0x13
 708 00a9 3F       		.uleb128 0x3f
 709 00aa 19       		.uleb128 0x19
 710 00ab 3C       		.uleb128 0x3c
 711 00ac 19       		.uleb128 0x19
 712 00ad 00       		.byte	0
 713 00ae 00       		.byte	0
 714 00af 0C       		.uleb128 0xc
 715 00b0 35       		.uleb128 0x35
 716 00b1 00       		.byte	0
 717 00b2 49       		.uleb128 0x49
 718 00b3 13       		.uleb128 0x13
 719 00b4 00       		.byte	0
 720 00b5 00       		.byte	0
 721 00b6 0D       		.uleb128 0xd
 722 00b7 34       		.uleb128 0x34
 723 00b8 00       		.byte	0
 724 00b9 03       		.uleb128 0x3
 725 00ba 0E       		.uleb128 0xe
 726 00bb 3A       		.uleb128 0x3a
 727 00bc 0B       		.uleb128 0xb
 728 00bd 3B       		.uleb128 0x3b
 729 00be 0B       		.uleb128 0xb
ARM GAS  C:\Users\nikod\AppData\Local\Temp\ccKrhu6X.s 			page 15


 730 00bf 49       		.uleb128 0x49
 731 00c0 13       		.uleb128 0x13
 732 00c1 3F       		.uleb128 0x3f
 733 00c2 19       		.uleb128 0x19
 734 00c3 02       		.uleb128 0x2
 735 00c4 18       		.uleb128 0x18
 736 00c5 00       		.byte	0
 737 00c6 00       		.byte	0
 738 00c7 0E       		.uleb128 0xe
 739 00c8 26       		.uleb128 0x26
 740 00c9 00       		.byte	0
 741 00ca 49       		.uleb128 0x49
 742 00cb 13       		.uleb128 0x13
 743 00cc 00       		.byte	0
 744 00cd 00       		.byte	0
 745 00ce 0F       		.uleb128 0xf
 746 00cf 01       		.uleb128 0x1
 747 00d0 01       		.byte	0x1
 748 00d1 49       		.uleb128 0x49
 749 00d2 13       		.uleb128 0x13
 750 00d3 01       		.uleb128 0x1
 751 00d4 13       		.uleb128 0x13
 752 00d5 00       		.byte	0
 753 00d6 00       		.byte	0
 754 00d7 10       		.uleb128 0x10
 755 00d8 21       		.uleb128 0x21
 756 00d9 00       		.byte	0
 757 00da 49       		.uleb128 0x49
 758 00db 13       		.uleb128 0x13
 759 00dc 2F       		.uleb128 0x2f
 760 00dd 0B       		.uleb128 0xb
 761 00de 00       		.byte	0
 762 00df 00       		.byte	0
 763 00e0 11       		.uleb128 0x11
 764 00e1 2E       		.uleb128 0x2e
 765 00e2 00       		.byte	0
 766 00e3 3F       		.uleb128 0x3f
 767 00e4 19       		.uleb128 0x19
 768 00e5 3C       		.uleb128 0x3c
 769 00e6 19       		.uleb128 0x19
 770 00e7 6E       		.uleb128 0x6e
 771 00e8 0E       		.uleb128 0xe
 772 00e9 03       		.uleb128 0x3
 773 00ea 0E       		.uleb128 0xe
 774 00eb 3A       		.uleb128 0x3a
 775 00ec 0B       		.uleb128 0xb
 776 00ed 3B       		.uleb128 0x3b
 777 00ee 0B       		.uleb128 0xb
 778 00ef 00       		.byte	0
 779 00f0 00       		.byte	0
 780 00f1 00       		.byte	0
 781              		.section	.debug_aranges,"",%progbits
 782 0000 24000000 		.4byte	0x24
 783 0004 0200     		.2byte	0x2
 784 0006 00000000 		.4byte	.Ldebug_info0
 785 000a 04       		.byte	0x4
 786 000b 00       		.byte	0
ARM GAS  C:\Users\nikod\AppData\Local\Temp\ccKrhu6X.s 			page 16


 787 000c 0000     		.2byte	0
 788 000e 0000     		.2byte	0
 789 0010 00000000 		.4byte	.LFB64
 790 0014 14000000 		.4byte	.LFE64-.LFB64
 791 0018 00000000 		.4byte	.LFB65
 792 001c 68000000 		.4byte	.LFE65-.LFB65
 793 0020 00000000 		.4byte	0
 794 0024 00000000 		.4byte	0
 795              		.section	.debug_ranges,"",%progbits
 796              	.Ldebug_ranges0:
 797 0000 00000000 		.4byte	.LFB64
 798 0004 14000000 		.4byte	.LFE64
 799 0008 00000000 		.4byte	.LFB65
 800 000c 68000000 		.4byte	.LFE65
 801 0010 00000000 		.4byte	0
 802 0014 00000000 		.4byte	0
 803              		.section	.debug_line,"",%progbits
 804              	.Ldebug_line0:
 805 0000 1F020000 		.section	.debug_str,"MS",%progbits,1
 805      0200E001 
 805      00000201 
 805      FB0E0D00 
 805      01010101 
 806              	.LASF18:
 807 0000 6C656442 		.ascii	"ledBrightness\000"
 807      72696768 
 807      746E6573 
 807      7300
 808              	.LASF22:
 809 000e 70756C73 		.ascii	"pulseWidth\000"
 809      65576964 
 809      746800
 810              	.LASF9:
 811 0019 5F5F696E 		.ascii	"__int32_t\000"
 811      7433325F 
 811      7400
 812              	.LASF36:
 813 0023 433A5C55 		.ascii	"C:\\Users\\nikod\\Documents\\PSoC Creator\\Pulsomer"
 813      73657273 
 813      5C6E696B 
 813      6F645C44 
 813      6F63756D 
 814 0051 74726961 		.ascii	"tria-con-MAX30102\\Pulsioximetro.cydsn\000"
 814      2D636F6E 
 814      2D4D4158 
 814      33303130 
 814      325C5075 
 815              	.LASF4:
 816 0077 6C6F6E67 		.ascii	"long int\000"
 816      20696E74 
 816      00
 817              	.LASF3:
 818 0080 73686F72 		.ascii	"short unsigned int\000"
 818      7420756E 
 818      7369676E 
 818      65642069 
 818      6E7400
ARM GAS  C:\Users\nikod\AppData\Local\Temp\ccKrhu6X.s 			page 17


 819              	.LASF21:
 820 0093 73616D70 		.ascii	"sampleRate\000"
 820      6C655261 
 820      746500
 821              	.LASF23:
 822 009e 61646352 		.ascii	"adcRange\000"
 822      616E6765 
 822      00
 823              	.LASF11:
 824 00a7 666C6F61 		.ascii	"float\000"
 824      7400
 825              	.LASF24:
 826 00ad 64617461 		.ascii	"data\000"
 826      00
 827              	.LASF25:
 828 00b2 42756666 		.ascii	"Buffer\000"
 828      657200
 829              	.LASF1:
 830 00b9 756E7369 		.ascii	"unsigned char\000"
 830      676E6564 
 830      20636861 
 830      7200
 831              	.LASF34:
 832 00c7 474E5520 		.ascii	"GNU C11 5.4.1 20160609 (release) [ARM/embedded-5-br"
 832      43313120 
 832      352E342E 
 832      31203230 
 832      31363036 
 833 00fa 616E6368 		.ascii	"anch revision 237715] -mcpu=cortex-m3 -mthumb -g -O"
 833      20726576 
 833      6973696F 
 833      6E203233 
 833      37373135 
 834 012d 67202D66 		.ascii	"g -ffunction-sections -ffat-lto-objects\000"
 834      66756E63 
 834      74696F6E 
 834      2D736563 
 834      74696F6E 
 835              	.LASF5:
 836 0155 6C6F6E67 		.ascii	"long unsigned int\000"
 836      20756E73 
 836      69676E65 
 836      6420696E 
 836      7400
 837              	.LASF30:
 838 0167 4D61785F 		.ascii	"Max_Init\000"
 838      496E6974 
 838      00
 839              	.LASF28:
 840 0170 55415254 		.ascii	"UART_Start\000"
 840      5F537461 
 840      727400
 841              	.LASF19:
 842 017b 73616D70 		.ascii	"sampleAverage\000"
 842      6C654176 
 842      65726167 
 842      6500
ARM GAS  C:\Users\nikod\AppData\Local\Temp\ccKrhu6X.s 			page 18


 843              	.LASF16:
 844 0189 49544D5F 		.ascii	"ITM_RxBuffer\000"
 844      52784275 
 844      66666572 
 844      00
 845              	.LASF20:
 846 0196 6C65644D 		.ascii	"ledMode\000"
 846      6F646500 
 847              	.LASF12:
 848 019e 646F7562 		.ascii	"double\000"
 848      6C6500
 849              	.LASF17:
 850 01a5 61637469 		.ascii	"activeLEDs\000"
 850      76654C45 
 850      447300
 851              	.LASF38:
 852 01b0 6D61696E 		.ascii	"main\000"
 852      00
 853              	.LASF8:
 854 01b5 756E7369 		.ascii	"unsigned int\000"
 854      676E6564 
 854      20696E74 
 854      00
 855              	.LASF27:
 856 01c2 49525152 		.ascii	"IRQRX_StartEx\000"
 856      585F5374 
 856      61727445 
 856      7800
 857              	.LASF7:
 858 01d0 6C6F6E67 		.ascii	"long long unsigned int\000"
 858      206C6F6E 
 858      6720756E 
 858      7369676E 
 858      65642069 
 859              	.LASF10:
 860 01e7 696E7433 		.ascii	"int32_t\000"
 860      325F7400 
 861              	.LASF15:
 862 01ef 73697A65 		.ascii	"sizetype\000"
 862      74797065 
 862      00
 863              	.LASF6:
 864 01f8 6C6F6E67 		.ascii	"long long int\000"
 864      206C6F6E 
 864      6720696E 
 864      7400
 865              	.LASF35:
 866 0206 6D61696E 		.ascii	"main.c\000"
 866      2E6300
 867              	.LASF13:
 868 020d 63686172 		.ascii	"char\000"
 868      00
 869              	.LASF26:
 870 0212 55415254 		.ascii	"UART_GetChar\000"
 870      5F476574 
 870      43686172 
 870      00
ARM GAS  C:\Users\nikod\AppData\Local\Temp\ccKrhu6X.s 			page 19


 871              	.LASF2:
 872 021f 73686F72 		.ascii	"short int\000"
 872      7420696E 
 872      7400
 873              	.LASF37:
 874 0229 496E7465 		.ascii	"InterrupRx\000"
 874      72727570 
 874      527800
 875              	.LASF31:
 876 0234 4D61785F 		.ascii	"Max_getIR\000"
 876      67657449 
 876      5200
 877              	.LASF14:
 878 023e 6C6F6E67 		.ascii	"long double\000"
 878      20646F75 
 878      626C6500 
 879              	.LASF0:
 880 024a 7369676E 		.ascii	"signed char\000"
 880      65642063 
 880      68617200 
 881              	.LASF29:
 882 0256 55415254 		.ascii	"UART_PutString\000"
 882      5F507574 
 882      53747269 
 882      6E6700
 883              	.LASF32:
 884 0265 73707269 		.ascii	"sprintf\000"
 884      6E746600 
 885              	.LASF33:
 886 026d 43794465 		.ascii	"CyDelay\000"
 886      6C617900 
 887              		.ident	"GCC: (GNU Tools for ARM Embedded Processors) 5.4.1 20160609 (release) [ARM/embedded-5-bran
