ARM GAS  C:\Users\jdrd3\AppData\Local\Temp\ccKvz7pY.s 			page 1


   1              		.syntax unified
   2              		.cpu cortex-m3
   3              		.fpu softvfp
   4              		.eabi_attribute 20, 1
   5              		.eabi_attribute 21, 1
   6              		.eabi_attribute 23, 3
   7              		.eabi_attribute 24, 1
   8              		.eabi_attribute 25, 1
   9              		.eabi_attribute 26, 1
  10              		.eabi_attribute 30, 1
  11              		.eabi_attribute 34, 1
  12              		.eabi_attribute 18, 4
  13              		.thumb
  14              		.syntax unified
  15              		.file	"main.c"
  16              		.text
  17              	.Ltext0:
  18              		.cfi_sections	.debug_frame
  19              		.section	.text.main,"ax",%progbits
  20              		.align	2
  21              		.global	main
  22              		.thumb
  23              		.thumb_func
  24              		.type	main, %function
  25              	main:
  26              	.LFB63:
  27              		.file 1 "main.c"
   1:main.c        **** /* ========================================
   2:main.c        ****  *
   3:main.c        ****  * Copyright YOUR COMPANY, THE YEAR
   4:main.c        ****  * All Rights Reserved
   5:main.c        ****  * UNPUBLISHED, LICENSED SOFTWARE.
   6:main.c        ****  *
   7:main.c        ****  * CONFIDENTIAL AND PROPRIETARY INFORMATION
   8:main.c        ****  * WHICH IS THE PROPERTY OF your company.
   9:main.c        ****  *
  10:main.c        ****  * ========================================
  11:main.c        **** */
  12:main.c        **** #include "project.h"
  13:main.c        **** 
  14:main.c        **** 
  15:main.c        **** 
  16:main.c        **** 
  17:main.c        **** int main(void)
  18:main.c        **** {
  28              		.loc 1 18 0
  29              		.cfi_startproc
  30              		@ Volatile: function does not return.
  31              		@ args = 0, pretend = 0, frame = 0
  32              		@ frame_needed = 0, uses_anonymous_args = 0
  33 0000 08B5     		push	{r3, lr}
  34              		.cfi_def_cfa_offset 8
  35              		.cfi_offset 3, -8
  36              		.cfi_offset 14, -4
  19:main.c        ****     CyGlobalIntEnable; /* Enable global interrupts. */
  37              		.loc 1 19 0
  38              		.syntax unified
ARM GAS  C:\Users\jdrd3\AppData\Local\Temp\ccKvz7pY.s 			page 2


  39              	@ 19 "main.c" 1
  40 0002 62B6     		CPSIE   i
  41              	@ 0 "" 2
  20:main.c        ****     LCD_Start();
  42              		.loc 1 20 0
  43              		.thumb
  44              		.syntax unified
  45 0004 FFF7FEFF 		bl	LCD_Start
  46              	.LVL0:
  21:main.c        ****     LCD_Position(1,0);
  47              		.loc 1 21 0
  48 0008 0021     		movs	r1, #0
  49 000a 0120     		movs	r0, #1
  50 000c FFF7FEFF 		bl	LCD_Position
  51              	.LVL1:
  22:main.c        ****     LCD_PrintString("hOLA ME AMAS");
  52              		.loc 1 22 0
  53 0010 0348     		ldr	r0, .L4
  54 0012 FFF7FEFF 		bl	LCD_PrintString
  55              	.LVL2:
  56              	.L2:
  23:main.c        ****     /* Place your initialization/startup code here (e.g. MyInst_Start()) */
  24:main.c        **** 
  25:main.c        ****     for(;;)
  26:main.c        ****     {
  27:main.c        ****         LCD_PrintString("hOLA ME AMAS");
  57              		.loc 1 27 0 discriminator 1
  58 0016 0248     		ldr	r0, .L4
  59 0018 FFF7FEFF 		bl	LCD_PrintString
  60              	.LVL3:
  61 001c FBE7     		b	.L2
  62              	.L5:
  63 001e 00BF     		.align	2
  64              	.L4:
  65 0020 00000000 		.word	.LC0
  66              		.cfi_endproc
  67              	.LFE63:
  68              		.size	main, .-main
  69              		.section	.rodata.str1.4,"aMS",%progbits,1
  70              		.align	2
  71              	.LC0:
  72 0000 684F4C41 		.ascii	"hOLA ME AMAS\000"
  72      204D4520 
  72      414D4153 
  72      00
  73              		.text
  74              	.Letext0:
  75              		.file 2 "c:\\program files (x86)\\cypress\\psoc creator\\4.2\\psoc creator\\import\\gnu\\arm\\5.4.
  76              		.file 3 "c:\\program files (x86)\\cypress\\psoc creator\\4.2\\psoc creator\\import\\gnu\\arm\\5.4.
  77              		.file 4 "Generated_Source\\PSoC5/LCD.h"
  78              		.file 5 "Generated_Source\\PSoC5/core_cm3.h"
  79              		.section	.debug_info,"",%progbits
  80              	.Ldebug_info0:
  81 0000 38010000 		.4byte	0x138
  82 0004 0400     		.2byte	0x4
  83 0006 00000000 		.4byte	.Ldebug_abbrev0
  84 000a 04       		.byte	0x4
ARM GAS  C:\Users\jdrd3\AppData\Local\Temp\ccKvz7pY.s 			page 3


  85 000b 01       		.uleb128 0x1
  86 000c 3A000000 		.4byte	.LASF19
  87 0010 0C       		.byte	0xc
  88 0011 2E000000 		.4byte	.LASF20
  89 0015 2B010000 		.4byte	.LASF21
  90 0019 00000000 		.4byte	.Ldebug_ranges0+0
  91 001d 00000000 		.4byte	0
  92 0021 00000000 		.4byte	.Ldebug_line0
  93 0025 02       		.uleb128 0x2
  94 0026 01       		.byte	0x1
  95 0027 06       		.byte	0x6
  96 0028 82010000 		.4byte	.LASF0
  97 002c 02       		.uleb128 0x2
  98 002d 01       		.byte	0x1
  99 002e 08       		.byte	0x8
 100 002f FB000000 		.4byte	.LASF1
 101 0033 02       		.uleb128 0x2
 102 0034 02       		.byte	0x2
 103 0035 05       		.byte	0x5
 104 0036 AA010000 		.4byte	.LASF2
 105 003a 02       		.uleb128 0x2
 106 003b 02       		.byte	0x2
 107 003c 07       		.byte	0x7
 108 003d 0E000000 		.4byte	.LASF3
 109 0041 03       		.uleb128 0x3
 110 0042 9A010000 		.4byte	.LASF9
 111 0046 02       		.byte	0x2
 112 0047 3F       		.byte	0x3f
 113 0048 4C000000 		.4byte	0x4c
 114 004c 02       		.uleb128 0x2
 115 004d 04       		.byte	0x4
 116 004e 05       		.byte	0x5
 117 004f 0E010000 		.4byte	.LASF4
 118 0053 02       		.uleb128 0x2
 119 0054 04       		.byte	0x4
 120 0055 07       		.byte	0x7
 121 0056 C8000000 		.4byte	.LASF5
 122 005a 02       		.uleb128 0x2
 123 005b 08       		.byte	0x8
 124 005c 05       		.byte	0x5
 125 005d 00000000 		.4byte	.LASF6
 126 0061 02       		.uleb128 0x2
 127 0062 08       		.byte	0x8
 128 0063 07       		.byte	0x7
 129 0064 DA000000 		.4byte	.LASF7
 130 0068 04       		.uleb128 0x4
 131 0069 04       		.byte	0x4
 132 006a 05       		.byte	0x5
 133 006b 696E7400 		.ascii	"int\000"
 134 006f 02       		.uleb128 0x2
 135 0070 04       		.byte	0x4
 136 0071 07       		.byte	0x7
 137 0072 21000000 		.4byte	.LASF8
 138 0076 03       		.uleb128 0x3
 139 0077 B4010000 		.4byte	.LASF10
 140 007b 03       		.byte	0x3
 141 007c 2C       		.byte	0x2c
ARM GAS  C:\Users\jdrd3\AppData\Local\Temp\ccKvz7pY.s 			page 4


 142 007d 41000000 		.4byte	0x41
 143 0081 02       		.uleb128 0x2
 144 0082 04       		.byte	0x4
 145 0083 04       		.byte	0x4
 146 0084 A4010000 		.4byte	.LASF11
 147 0088 02       		.uleb128 0x2
 148 0089 08       		.byte	0x8
 149 008a 04       		.byte	0x4
 150 008b 17010000 		.4byte	.LASF12
 151 008f 02       		.uleb128 0x2
 152 0090 01       		.byte	0x1
 153 0091 08       		.byte	0x8
 154 0092 09010000 		.4byte	.LASF13
 155 0096 02       		.uleb128 0x2
 156 0097 08       		.byte	0x8
 157 0098 04       		.byte	0x4
 158 0099 8E010000 		.4byte	.LASF14
 159 009d 02       		.uleb128 0x2
 160 009e 04       		.byte	0x4
 161 009f 07       		.byte	0x7
 162 00a0 BC010000 		.4byte	.LASF15
 163 00a4 05       		.uleb128 0x5
 164 00a5 35000000 		.4byte	.LASF22
 165 00a9 01       		.byte	0x1
 166 00aa 11       		.byte	0x11
 167 00ab 68000000 		.4byte	0x68
 168 00af 00000000 		.4byte	.LFB63
 169 00b3 24000000 		.4byte	.LFE63-.LFB63
 170 00b7 01       		.uleb128 0x1
 171 00b8 9C       		.byte	0x9c
 172 00b9 09010000 		.4byte	0x109
 173 00bd 06       		.uleb128 0x6
 174 00be 08000000 		.4byte	.LVL0
 175 00c2 1A010000 		.4byte	0x11a
 176 00c6 07       		.uleb128 0x7
 177 00c7 10000000 		.4byte	.LVL1
 178 00cb 25010000 		.4byte	0x125
 179 00cf DE000000 		.4byte	0xde
 180 00d3 08       		.uleb128 0x8
 181 00d4 01       		.uleb128 0x1
 182 00d5 50       		.byte	0x50
 183 00d6 01       		.uleb128 0x1
 184 00d7 31       		.byte	0x31
 185 00d8 08       		.uleb128 0x8
 186 00d9 01       		.uleb128 0x1
 187 00da 51       		.byte	0x51
 188 00db 01       		.uleb128 0x1
 189 00dc 30       		.byte	0x30
 190 00dd 00       		.byte	0
 191 00de 07       		.uleb128 0x7
 192 00df 16000000 		.4byte	.LVL2
 193 00e3 30010000 		.4byte	0x130
 194 00e7 F5000000 		.4byte	0xf5
 195 00eb 08       		.uleb128 0x8
 196 00ec 01       		.uleb128 0x1
 197 00ed 50       		.byte	0x50
 198 00ee 05       		.uleb128 0x5
ARM GAS  C:\Users\jdrd3\AppData\Local\Temp\ccKvz7pY.s 			page 5


 199 00ef 03       		.byte	0x3
 200 00f0 00000000 		.4byte	.LC0
 201 00f4 00       		.byte	0
 202 00f5 09       		.uleb128 0x9
 203 00f6 1C000000 		.4byte	.LVL3
 204 00fa 30010000 		.4byte	0x130
 205 00fe 08       		.uleb128 0x8
 206 00ff 01       		.uleb128 0x1
 207 0100 50       		.byte	0x50
 208 0101 05       		.uleb128 0x5
 209 0102 03       		.byte	0x3
 210 0103 00000000 		.4byte	.LC0
 211 0107 00       		.byte	0
 212 0108 00       		.byte	0
 213 0109 0A       		.uleb128 0xa
 214 010a 75010000 		.4byte	.LASF23
 215 010e 05       		.byte	0x5
 216 010f 1207     		.2byte	0x712
 217 0111 15010000 		.4byte	0x115
 218 0115 0B       		.uleb128 0xb
 219 0116 76000000 		.4byte	0x76
 220 011a 0C       		.uleb128 0xc
 221 011b F1000000 		.4byte	.LASF16
 222 011f F1000000 		.4byte	.LASF16
 223 0123 04       		.byte	0x4
 224 0124 38       		.byte	0x38
 225 0125 0C       		.uleb128 0xc
 226 0126 1E010000 		.4byte	.LASF17
 227 012a 1E010000 		.4byte	.LASF17
 228 012e 04       		.byte	0x4
 229 012f 3D       		.byte	0x3d
 230 0130 0C       		.uleb128 0xc
 231 0131 C5010000 		.4byte	.LASF18
 232 0135 C5010000 		.4byte	.LASF18
 233 0139 04       		.byte	0x4
 234 013a 3C       		.byte	0x3c
 235 013b 00       		.byte	0
 236              		.section	.debug_abbrev,"",%progbits
 237              	.Ldebug_abbrev0:
 238 0000 01       		.uleb128 0x1
 239 0001 11       		.uleb128 0x11
 240 0002 01       		.byte	0x1
 241 0003 25       		.uleb128 0x25
 242 0004 0E       		.uleb128 0xe
 243 0005 13       		.uleb128 0x13
 244 0006 0B       		.uleb128 0xb
 245 0007 03       		.uleb128 0x3
 246 0008 0E       		.uleb128 0xe
 247 0009 1B       		.uleb128 0x1b
 248 000a 0E       		.uleb128 0xe
 249 000b 55       		.uleb128 0x55
 250 000c 17       		.uleb128 0x17
 251 000d 11       		.uleb128 0x11
 252 000e 01       		.uleb128 0x1
 253 000f 10       		.uleb128 0x10
 254 0010 17       		.uleb128 0x17
 255 0011 00       		.byte	0
ARM GAS  C:\Users\jdrd3\AppData\Local\Temp\ccKvz7pY.s 			page 6


 256 0012 00       		.byte	0
 257 0013 02       		.uleb128 0x2
 258 0014 24       		.uleb128 0x24
 259 0015 00       		.byte	0
 260 0016 0B       		.uleb128 0xb
 261 0017 0B       		.uleb128 0xb
 262 0018 3E       		.uleb128 0x3e
 263 0019 0B       		.uleb128 0xb
 264 001a 03       		.uleb128 0x3
 265 001b 0E       		.uleb128 0xe
 266 001c 00       		.byte	0
 267 001d 00       		.byte	0
 268 001e 03       		.uleb128 0x3
 269 001f 16       		.uleb128 0x16
 270 0020 00       		.byte	0
 271 0021 03       		.uleb128 0x3
 272 0022 0E       		.uleb128 0xe
 273 0023 3A       		.uleb128 0x3a
 274 0024 0B       		.uleb128 0xb
 275 0025 3B       		.uleb128 0x3b
 276 0026 0B       		.uleb128 0xb
 277 0027 49       		.uleb128 0x49
 278 0028 13       		.uleb128 0x13
 279 0029 00       		.byte	0
 280 002a 00       		.byte	0
 281 002b 04       		.uleb128 0x4
 282 002c 24       		.uleb128 0x24
 283 002d 00       		.byte	0
 284 002e 0B       		.uleb128 0xb
 285 002f 0B       		.uleb128 0xb
 286 0030 3E       		.uleb128 0x3e
 287 0031 0B       		.uleb128 0xb
 288 0032 03       		.uleb128 0x3
 289 0033 08       		.uleb128 0x8
 290 0034 00       		.byte	0
 291 0035 00       		.byte	0
 292 0036 05       		.uleb128 0x5
 293 0037 2E       		.uleb128 0x2e
 294 0038 01       		.byte	0x1
 295 0039 3F       		.uleb128 0x3f
 296 003a 19       		.uleb128 0x19
 297 003b 03       		.uleb128 0x3
 298 003c 0E       		.uleb128 0xe
 299 003d 3A       		.uleb128 0x3a
 300 003e 0B       		.uleb128 0xb
 301 003f 3B       		.uleb128 0x3b
 302 0040 0B       		.uleb128 0xb
 303 0041 27       		.uleb128 0x27
 304 0042 19       		.uleb128 0x19
 305 0043 49       		.uleb128 0x49
 306 0044 13       		.uleb128 0x13
 307 0045 8701     		.uleb128 0x87
 308 0047 19       		.uleb128 0x19
 309 0048 11       		.uleb128 0x11
 310 0049 01       		.uleb128 0x1
 311 004a 12       		.uleb128 0x12
 312 004b 06       		.uleb128 0x6
ARM GAS  C:\Users\jdrd3\AppData\Local\Temp\ccKvz7pY.s 			page 7


 313 004c 40       		.uleb128 0x40
 314 004d 18       		.uleb128 0x18
 315 004e 9742     		.uleb128 0x2117
 316 0050 19       		.uleb128 0x19
 317 0051 01       		.uleb128 0x1
 318 0052 13       		.uleb128 0x13
 319 0053 00       		.byte	0
 320 0054 00       		.byte	0
 321 0055 06       		.uleb128 0x6
 322 0056 898201   		.uleb128 0x4109
 323 0059 00       		.byte	0
 324 005a 11       		.uleb128 0x11
 325 005b 01       		.uleb128 0x1
 326 005c 31       		.uleb128 0x31
 327 005d 13       		.uleb128 0x13
 328 005e 00       		.byte	0
 329 005f 00       		.byte	0
 330 0060 07       		.uleb128 0x7
 331 0061 898201   		.uleb128 0x4109
 332 0064 01       		.byte	0x1
 333 0065 11       		.uleb128 0x11
 334 0066 01       		.uleb128 0x1
 335 0067 31       		.uleb128 0x31
 336 0068 13       		.uleb128 0x13
 337 0069 01       		.uleb128 0x1
 338 006a 13       		.uleb128 0x13
 339 006b 00       		.byte	0
 340 006c 00       		.byte	0
 341 006d 08       		.uleb128 0x8
 342 006e 8A8201   		.uleb128 0x410a
 343 0071 00       		.byte	0
 344 0072 02       		.uleb128 0x2
 345 0073 18       		.uleb128 0x18
 346 0074 9142     		.uleb128 0x2111
 347 0076 18       		.uleb128 0x18
 348 0077 00       		.byte	0
 349 0078 00       		.byte	0
 350 0079 09       		.uleb128 0x9
 351 007a 898201   		.uleb128 0x4109
 352 007d 01       		.byte	0x1
 353 007e 11       		.uleb128 0x11
 354 007f 01       		.uleb128 0x1
 355 0080 31       		.uleb128 0x31
 356 0081 13       		.uleb128 0x13
 357 0082 00       		.byte	0
 358 0083 00       		.byte	0
 359 0084 0A       		.uleb128 0xa
 360 0085 34       		.uleb128 0x34
 361 0086 00       		.byte	0
 362 0087 03       		.uleb128 0x3
 363 0088 0E       		.uleb128 0xe
 364 0089 3A       		.uleb128 0x3a
 365 008a 0B       		.uleb128 0xb
 366 008b 3B       		.uleb128 0x3b
 367 008c 05       		.uleb128 0x5
 368 008d 49       		.uleb128 0x49
 369 008e 13       		.uleb128 0x13
ARM GAS  C:\Users\jdrd3\AppData\Local\Temp\ccKvz7pY.s 			page 8


 370 008f 3F       		.uleb128 0x3f
 371 0090 19       		.uleb128 0x19
 372 0091 3C       		.uleb128 0x3c
 373 0092 19       		.uleb128 0x19
 374 0093 00       		.byte	0
 375 0094 00       		.byte	0
 376 0095 0B       		.uleb128 0xb
 377 0096 35       		.uleb128 0x35
 378 0097 00       		.byte	0
 379 0098 49       		.uleb128 0x49
 380 0099 13       		.uleb128 0x13
 381 009a 00       		.byte	0
 382 009b 00       		.byte	0
 383 009c 0C       		.uleb128 0xc
 384 009d 2E       		.uleb128 0x2e
 385 009e 00       		.byte	0
 386 009f 3F       		.uleb128 0x3f
 387 00a0 19       		.uleb128 0x19
 388 00a1 3C       		.uleb128 0x3c
 389 00a2 19       		.uleb128 0x19
 390 00a3 6E       		.uleb128 0x6e
 391 00a4 0E       		.uleb128 0xe
 392 00a5 03       		.uleb128 0x3
 393 00a6 0E       		.uleb128 0xe
 394 00a7 3A       		.uleb128 0x3a
 395 00a8 0B       		.uleb128 0xb
 396 00a9 3B       		.uleb128 0x3b
 397 00aa 0B       		.uleb128 0xb
 398 00ab 00       		.byte	0
 399 00ac 00       		.byte	0
 400 00ad 00       		.byte	0
 401              		.section	.debug_aranges,"",%progbits
 402 0000 1C000000 		.4byte	0x1c
 403 0004 0200     		.2byte	0x2
 404 0006 00000000 		.4byte	.Ldebug_info0
 405 000a 04       		.byte	0x4
 406 000b 00       		.byte	0
 407 000c 0000     		.2byte	0
 408 000e 0000     		.2byte	0
 409 0010 00000000 		.4byte	.LFB63
 410 0014 24000000 		.4byte	.LFE63-.LFB63
 411 0018 00000000 		.4byte	0
 412 001c 00000000 		.4byte	0
 413              		.section	.debug_ranges,"",%progbits
 414              	.Ldebug_ranges0:
 415 0000 00000000 		.4byte	.LFB63
 416 0004 24000000 		.4byte	.LFE63
 417 0008 00000000 		.4byte	0
 418 000c 00000000 		.4byte	0
 419              		.section	.debug_line,"",%progbits
 420              	.Ldebug_line0:
 421 0000 66010000 		.section	.debug_str,"MS",%progbits,1
 421      02004801 
 421      00000201 
 421      FB0E0D00 
 421      01010101 
 422              	.LASF6:
ARM GAS  C:\Users\jdrd3\AppData\Local\Temp\ccKvz7pY.s 			page 9


 423 0000 6C6F6E67 		.ascii	"long long int\000"
 423      206C6F6E 
 423      6720696E 
 423      7400
 424              	.LASF3:
 425 000e 73686F72 		.ascii	"short unsigned int\000"
 425      7420756E 
 425      7369676E 
 425      65642069 
 425      6E7400
 426              	.LASF8:
 427 0021 756E7369 		.ascii	"unsigned int\000"
 427      676E6564 
 427      20696E74 
 427      00
 428              	.LASF20:
 429 002e 6D61696E 		.ascii	"main.c\000"
 429      2E6300
 430              	.LASF22:
 431 0035 6D61696E 		.ascii	"main\000"
 431      00
 432              	.LASF19:
 433 003a 474E5520 		.ascii	"GNU C11 5.4.1 20160609 (release) [ARM/embedded-5-br"
 433      43313120 
 433      352E342E 
 433      31203230 
 433      31363036 
 434 006d 616E6368 		.ascii	"anch revision 237715] -mcpu=cortex-m3 -mthumb -g -O"
 434      20726576 
 434      6973696F 
 434      6E203233 
 434      37373135 
 435 00a0 67202D66 		.ascii	"g -ffunction-sections -ffat-lto-objects\000"
 435      66756E63 
 435      74696F6E 
 435      2D736563 
 435      74696F6E 
 436              	.LASF5:
 437 00c8 6C6F6E67 		.ascii	"long unsigned int\000"
 437      20756E73 
 437      69676E65 
 437      6420696E 
 437      7400
 438              	.LASF7:
 439 00da 6C6F6E67 		.ascii	"long long unsigned int\000"
 439      206C6F6E 
 439      6720756E 
 439      7369676E 
 439      65642069 
 440              	.LASF16:
 441 00f1 4C43445F 		.ascii	"LCD_Start\000"
 441      53746172 
 441      7400
 442              	.LASF1:
 443 00fb 756E7369 		.ascii	"unsigned char\000"
 443      676E6564 
 443      20636861 
ARM GAS  C:\Users\jdrd3\AppData\Local\Temp\ccKvz7pY.s 			page 10


 443      7200
 444              	.LASF13:
 445 0109 63686172 		.ascii	"char\000"
 445      00
 446              	.LASF4:
 447 010e 6C6F6E67 		.ascii	"long int\000"
 447      20696E74 
 447      00
 448              	.LASF12:
 449 0117 646F7562 		.ascii	"double\000"
 449      6C6500
 450              	.LASF17:
 451 011e 4C43445F 		.ascii	"LCD_Position\000"
 451      506F7369 
 451      74696F6E 
 451      00
 452              	.LASF21:
 453 012b 433A5C55 		.ascii	"C:\\Users\\jdrd3\\Documents\\PSoC Creator\\Pulsomer"
 453      73657273 
 453      5C6A6472 
 453      64335C44 
 453      6F63756D 
 454 0159 74726961 		.ascii	"tria-con-MAX30102\\LCD.cydsn\000"
 454      2D636F6E 
 454      2D4D4158 
 454      33303130 
 454      325C4C43 
 455              	.LASF23:
 456 0175 49544D5F 		.ascii	"ITM_RxBuffer\000"
 456      52784275 
 456      66666572 
 456      00
 457              	.LASF0:
 458 0182 7369676E 		.ascii	"signed char\000"
 458      65642063 
 458      68617200 
 459              	.LASF14:
 460 018e 6C6F6E67 		.ascii	"long double\000"
 460      20646F75 
 460      626C6500 
 461              	.LASF9:
 462 019a 5F5F696E 		.ascii	"__int32_t\000"
 462      7433325F 
 462      7400
 463              	.LASF11:
 464 01a4 666C6F61 		.ascii	"float\000"
 464      7400
 465              	.LASF2:
 466 01aa 73686F72 		.ascii	"short int\000"
 466      7420696E 
 466      7400
 467              	.LASF10:
 468 01b4 696E7433 		.ascii	"int32_t\000"
 468      325F7400 
 469              	.LASF15:
 470 01bc 73697A65 		.ascii	"sizetype\000"
 470      74797065 
ARM GAS  C:\Users\jdrd3\AppData\Local\Temp\ccKvz7pY.s 			page 11


 470      00
 471              	.LASF18:
 472 01c5 4C43445F 		.ascii	"LCD_PrintString\000"
 472      5072696E 
 472      74537472 
 472      696E6700 
 473              		.ident	"GCC: (GNU Tools for ARM Embedded Processors) 5.4.1 20160609 (release) [ARM/embedded-5-bran
